[Appium] Welcome to Appium v1.7.2
[Appium] Non-default server args:
[Appium]   port: 52396
[Appium]   loglevel: info
[Appium]   chromeDriverPort: 52397
[Appium]   tmpDir: C:\Users\Pasindu\AppData\Local\Temp\\Katalon\Appium\Temp1515746885989
[Appium] Appium REST http interface listener started on 0.0.0.0:52396
[HTTP] --> GET /wd/hub/status {}
[HTTP] <-- GET /wd/hub/status 200 9 ms - 72 
[HTTP] --> POST /wd/hub/session {"desiredCapabilities":{"app":"C:\\Users\\Pasindu\\Desktop\\Avonet\\drive-download-20180104T074633Z-001\\app-passenger.apk","autoGrantPermissions":true,"deviceName":"samsung SM-G570F 6.0.1","fullReset":true,"newCommandTimeout":1800,"noReset":false,"platform":"ANDROID","platformName":"Android","udid":"421041ecd284741f"},"capabilities":{"desiredCapabilities":{"app":"C:\\Users\\Pasindu\\Desktop\\Avonet\\drive-download-20180104T074633Z-001\\app-passenger.apk","autoGrantPermissions":true,"deviceName":"samsung SM-G570F 6.0.1","fullReset":true,"newCommandTimeout":1800,"noReset":false,"platform":"ANDROID","platformName":"Android","udid":"421041ecd284741f"},"firstMatch":[{"platformName":"android"}]}}
[Appium] Merged W3C capabilities {"desiredCapabilities":{"app":"C:\\Users\\Pasin... into desiredCapabilities object {"app":"C:\\Users\\Pasindu\\Desktop\\Avonet\\dr...
[Appium] Creating new AndroidDriver (v1.37.0) session
[Appium] Capabilities:
[Appium]   app: C:\Users\Pasindu\Desktop\Avonet\drive-download-20180104T074633Z-001\app-passenger.apk
[Appium]   autoGrantPermissions: true
[Appium]   deviceName: samsung SM-G570F 6.0.1
[Appium]   fullReset: true
[Appium]   newCommandTimeout: 1800
[Appium]   noReset: false
[Appium]   platform: ANDROID
[Appium]   platformName: android
[Appium]   udid: 421041ecd284741f
[BaseDriver] The following capabilities were provided, but are not recognized by appium: platform.
[BaseDriver] Session created with session id: 589c725b-817d-4f0b-a3b4-5dd6aa1058bf
[AndroidDriver] Java version is: 1.8.0_102
[ADB] Checking whether adb is present
[ADB] Using adb.exe from C:\Users\Pasindu\.katalon\tools\android_sdk\platform-tools\adb.exe
[AndroidDriver] Retrieving device list
[AndroidDriver] Using device: 421041ecd284741f
[ADB] Checking whether adb is present
[BaseDriver] Using local app 'C:\Users\Pasindu\Desktop\Avonet\drive-download-20180104T074633Z-001\app-passenger.apk'
[AndroidDriver] Starting Android session
[AndroidDriver] setDeviceLanguageCountry requires language or country.
[AndroidDriver] Got language: 'null' and country: 'null'
[ADB] Checking whether aapt is present
[ADB] Using aapt.exe from C:\Users\Pasindu\.katalon\tools\android_sdk\build-tools\27.0.3\aapt.exe
[ADB] Checking whether aapt is present
[ADB] Getting device platform version
[ADB] Checking whether aapt is present
[ADB] Extracting package and launch activity from manifest
[ADB] net.theavo.bcon.passenger was successfully uninstalled
[AndroidDriver] Remote apk path is /data/local/tmp/872f6dd04647cb9003991e6ecf0c62d8.apk
[AndroidDriver] Apk is not yet installed
[AndroidDriver] installing apk from remote
[AndroidDriver] Clearing out any existing remote apks with the same hash
[ADB] net.theavo.bcon.passenger was not uninstalled, because it was not present on the device
[ADB] Checking whether aapt is present
[ADB] Extracting package and launch activity from manifest
[ADB] No uiautomator process found to kill, continuing...
[AndroidBootstrap] Android bootstrap socket is now connected
[AndroidDriver] Screen already unlocked, doing nothing
[Appium] New AndroidDriver session created successfully, session 589c725b-817d-4f0b-a3b4-5dd6aa1058bf added to master session list
[HTTP] <-- POST /wd/hub/session 200 83134 ms - 1190 
[HTTP] --> GET /wd/hub/status {}
[HTTP] <-- GET /wd/hub/status 200 5 ms - 83 
[HTTP] --> POST /wd/hub/session/589c725b-817d-4f0b-a3b4-5dd6aa1058bf/timeouts {"type":"implicit","ms":30000}
[HTTP] <-- POST /wd/hub/session/589c725b-817d-4f0b-a3b4-5dd6aa1058bf/timeouts 200 7 ms - 76 
[HTTP] --> GET /wd/hub/session/589c725b-817d-4f0b-a3b4-5dd6aa1058bf/window/current/size {}
[HTTP] <-- GET /wd/hub/session/589c725b-817d-4f0b-a3b4-5dd6aa1058bf/window/current/size 200 22 ms - 99 
[HTTP] --> POST /wd/hub/session/589c725b-817d-4f0b-a3b4-5dd6aa1058bf/elements {"using":"-android uiautomator","value":"new UiSelector().className(\"android.view.ViewGroup\").instance(7)"}
[HTTP] <-- POST /wd/hub/session/589c725b-817d-4f0b-a3b4-5dd6aa1058bf/elements 200 6425 ms - 89 
[HTTP] --> GET /wd/hub/session/589c725b-817d-4f0b-a3b4-5dd6aa1058bf {}
[HTTP] <-- GET /wd/hub/session/589c725b-817d-4f0b-a3b4-5dd6aa1058bf 200 3 ms - 1190 
[HTTP] --> GET /wd/hub/session/589c725b-817d-4f0b-a3b4-5dd6aa1058bf {}
[HTTP] <-- GET /wd/hub/session/589c725b-817d-4f0b-a3b4-5dd6aa1058bf 200 2 ms - 1190 
[HTTP] --> GET /wd/hub/session/589c725b-817d-4f0b-a3b4-5dd6aa1058bf {}
[HTTP] <-- GET /wd/hub/session/589c725b-817d-4f0b-a3b4-5dd6aa1058bf 200 2 ms - 1190 
[HTTP] --> GET /wd/hub/session/589c725b-817d-4f0b-a3b4-5dd6aa1058bf {}
[HTTP] <-- GET /wd/hub/session/589c725b-817d-4f0b-a3b4-5dd6aa1058bf 200 2 ms - 1190 
[HTTP] --> GET /wd/hub/session/589c725b-817d-4f0b-a3b4-5dd6aa1058bf/element/1/location {}
[HTTP] <-- GET /wd/hub/session/589c725b-817d-4f0b-a3b4-5dd6aa1058bf/element/1/location 200 20 ms - 89 
[HTTP] --> POST /wd/hub/session/589c725b-817d-4f0b-a3b4-5dd6aa1058bf/touch/perform {"actions":[{"action":"tap","options":{"element":"1","x":1,"y":1}}]}
[HTTP] <-- POST /wd/hub/session/589c725b-817d-4f0b-a3b4-5dd6aa1058bf/touch/perform 200 395 ms - 76 
[HTTP] --> GET /wd/hub/session/589c725b-817d-4f0b-a3b4-5dd6aa1058bf/window/current/size {}
[HTTP] <-- GET /wd/hub/session/589c725b-817d-4f0b-a3b4-5dd6aa1058bf/window/current/size 200 7 ms - 99 
[HTTP] --> POST /wd/hub/session/589c725b-817d-4f0b-a3b4-5dd6aa1058bf/elements {"using":"-android uiautomator","value":"new UiSelector().className(\"android.widget.EditText\").text(\"Mobile Number\").instance(0)"}
[HTTP] <-- POST /wd/hub/session/589c725b-817d-4f0b-a3b4-5dd6aa1058bf/elements 200 611 ms - 89 
[HTTP] --> GET /wd/hub/session/589c725b-817d-4f0b-a3b4-5dd6aa1058bf {}
[HTTP] <-- GET /wd/hub/session/589c725b-817d-4f0b-a3b4-5dd6aa1058bf 200 2 ms - 1190 
[HTTP] --> GET /wd/hub/session/589c725b-817d-4f0b-a3b4-5dd6aa1058bf {}
[HTTP] <-- GET /wd/hub/session/589c725b-817d-4f0b-a3b4-5dd6aa1058bf 200 2 ms - 1190 
[HTTP] --> GET /wd/hub/session/589c725b-817d-4f0b-a3b4-5dd6aa1058bf {}
[HTTP] <-- GET /wd/hub/session/589c725b-817d-4f0b-a3b4-5dd6aa1058bf 200 2 ms - 1190 
[HTTP] --> GET /wd/hub/session/589c725b-817d-4f0b-a3b4-5dd6aa1058bf {}
[HTTP] <-- GET /wd/hub/session/589c725b-817d-4f0b-a3b4-5dd6aa1058bf 200 2 ms - 1190 
[HTTP] --> GET /wd/hub/session/589c725b-817d-4f0b-a3b4-5dd6aa1058bf/element/2/location {}
[HTTP] <-- GET /wd/hub/session/589c725b-817d-4f0b-a3b4-5dd6aa1058bf/element/2/location 200 24 ms - 89 
[HTTP] --> POST /wd/hub/session/589c725b-817d-4f0b-a3b4-5dd6aa1058bf/element/2/clear {"id":"2"}
[HTTP] <-- POST /wd/hub/session/589c725b-817d-4f0b-a3b4-5dd6aa1058bf/element/2/clear 200 2437 ms - 76 
[HTTP] --> POST /wd/hub/session/589c725b-817d-4f0b-a3b4-5dd6aa1058bf/element/2/value {"id":"2","value":["0715645545"]}
[HTTP] <-- POST /wd/hub/session/589c725b-817d-4f0b-a3b4-5dd6aa1058bf/element/2/value 200 6134 ms - 76 
[HTTP] --> GET /wd/hub/session/589c725b-817d-4f0b-a3b4-5dd6aa1058bf/window/current/size {}
[HTTP] <-- GET /wd/hub/session/589c725b-817d-4f0b-a3b4-5dd6aa1058bf/window/current/size 200 4 ms - 99 
[HTTP] --> POST /wd/hub/session/589c725b-817d-4f0b-a3b4-5dd6aa1058bf/elements {"using":"-android uiautomator","value":"new UiSelector().className(\"android.widget.EditText\").instance(1)"}
[HTTP] <-- POST /wd/hub/session/589c725b-817d-4f0b-a3b4-5dd6aa1058bf/elements 200 589 ms - 89 
[HTTP] --> GET /wd/hub/session/589c725b-817d-4f0b-a3b4-5dd6aa1058bf {}
[HTTP] <-- GET /wd/hub/session/589c725b-817d-4f0b-a3b4-5dd6aa1058bf 200 2 ms - 1190 
[HTTP] --> GET /wd/hub/session/589c725b-817d-4f0b-a3b4-5dd6aa1058bf {}
[HTTP] <-- GET /wd/hub/session/589c725b-817d-4f0b-a3b4-5dd6aa1058bf 200 2 ms - 1190 
[HTTP] --> GET /wd/hub/session/589c725b-817d-4f0b-a3b4-5dd6aa1058bf {}
[HTTP] <-- GET /wd/hub/session/589c725b-817d-4f0b-a3b4-5dd6aa1058bf 200 2 ms - 1190 
[HTTP] --> GET /wd/hub/session/589c725b-817d-4f0b-a3b4-5dd6aa1058bf {}
[HTTP] <-- GET /wd/hub/session/589c725b-817d-4f0b-a3b4-5dd6aa1058bf 200 3 ms - 1190 
[HTTP] --> GET /wd/hub/session/589c725b-817d-4f0b-a3b4-5dd6aa1058bf/element/3/location {}
[HTTP] <-- GET /wd/hub/session/589c725b-817d-4f0b-a3b4-5dd6aa1058bf/element/3/location 200 39 ms - 89 
[HTTP] --> POST /wd/hub/session/589c725b-817d-4f0b-a3b4-5dd6aa1058bf/element/3/clear {"id":"3"}
[HTTP] <-- POST /wd/hub/session/589c725b-817d-4f0b-a3b4-5dd6aa1058bf/element/3/clear 200 4859 ms - 76 
[HTTP] --> POST /wd/hub/session/589c725b-817d-4f0b-a3b4-5dd6aa1058bf/element/3/value {"id":"3","value":["password123"]}
[HTTP] <-- POST /wd/hub/session/589c725b-817d-4f0b-a3b4-5dd6aa1058bf/element/3/value 200 6566 ms - 76 
[HTTP] --> GET /wd/hub/session/589c725b-817d-4f0b-a3b4-5dd6aa1058bf/window/current/size {}
[HTTP] <-- GET /wd/hub/session/589c725b-817d-4f0b-a3b4-5dd6aa1058bf/window/current/size 200 5 ms - 99 
[HTTP] --> POST /wd/hub/session/589c725b-817d-4f0b-a3b4-5dd6aa1058bf/elements {"using":"-android uiautomator","value":"new UiSelector().className(\"android.view.ViewGroup\").instance(9)"}
[HTTP] <-- POST /wd/hub/session/589c725b-817d-4f0b-a3b4-5dd6aa1058bf/elements 200 551 ms - 89 
[HTTP] --> GET /wd/hub/session/589c725b-817d-4f0b-a3b4-5dd6aa1058bf {}
[HTTP] <-- GET /wd/hub/session/589c725b-817d-4f0b-a3b4-5dd6aa1058bf 200 2 ms - 1190 
[HTTP] --> GET /wd/hub/session/589c725b-817d-4f0b-a3b4-5dd6aa1058bf {}
[HTTP] <-- GET /wd/hub/session/589c725b-817d-4f0b-a3b4-5dd6aa1058bf 200 2 ms - 1190 
[HTTP] --> GET /wd/hub/session/589c725b-817d-4f0b-a3b4-5dd6aa1058bf {}
[HTTP] <-- GET /wd/hub/session/589c725b-817d-4f0b-a3b4-5dd6aa1058bf 200 2 ms - 1190 
[HTTP] --> GET /wd/hub/session/589c725b-817d-4f0b-a3b4-5dd6aa1058bf {}
[HTTP] <-- GET /wd/hub/session/589c725b-817d-4f0b-a3b4-5dd6aa1058bf 200 2 ms - 1190 
[HTTP] --> GET /wd/hub/session/589c725b-817d-4f0b-a3b4-5dd6aa1058bf/element/4/location {}
[HTTP] <-- GET /wd/hub/session/589c725b-817d-4f0b-a3b4-5dd6aa1058bf/element/4/location 200 38 ms - 89 
[HTTP] --> POST /wd/hub/session/589c725b-817d-4f0b-a3b4-5dd6aa1058bf/touch/perform {"actions":[{"action":"tap","options":{"element":"4","x":1,"y":1}}]}
[HTTP] <-- POST /wd/hub/session/589c725b-817d-4f0b-a3b4-5dd6aa1058bf/touch/perform 200 967 ms - 76 
[HTTP] --> GET /wd/hub/session/589c725b-817d-4f0b-a3b4-5dd6aa1058bf/window/current/size {}
[HTTP] <-- GET /wd/hub/session/589c725b-817d-4f0b-a3b4-5dd6aa1058bf/window/current/size 200 7 ms - 99 
[HTTP] --> POST /wd/hub/session/589c725b-817d-4f0b-a3b4-5dd6aa1058bf/elements {"using":"-android uiautomator","value":"new UiSelector().className(\"android.view.ViewGroup\").instance(9)"}
[HTTP] <-- POST /wd/hub/session/589c725b-817d-4f0b-a3b4-5dd6aa1058bf/elements 200 779 ms - 89 
[HTTP] --> GET /wd/hub/session/589c725b-817d-4f0b-a3b4-5dd6aa1058bf {}
[HTTP] <-- GET /wd/hub/session/589c725b-817d-4f0b-a3b4-5dd6aa1058bf 200 2 ms - 1190 
[HTTP] --> GET /wd/hub/session/589c725b-817d-4f0b-a3b4-5dd6aa1058bf {}
[HTTP] <-- GET /wd/hub/session/589c725b-817d-4f0b-a3b4-5dd6aa1058bf 200 2 ms - 1190 
[HTTP] --> GET /wd/hub/session/589c725b-817d-4f0b-a3b4-5dd6aa1058bf {}
[HTTP] <-- GET /wd/hub/session/589c725b-817d-4f0b-a3b4-5dd6aa1058bf 200 2 ms - 1190 
[HTTP] --> GET /wd/hub/session/589c725b-817d-4f0b-a3b4-5dd6aa1058bf {}
[HTTP] <-- GET /wd/hub/session/589c725b-817d-4f0b-a3b4-5dd6aa1058bf 200 2 ms - 1190 
[HTTP] --> GET /wd/hub/session/589c725b-817d-4f0b-a3b4-5dd6aa1058bf/element/5/location {}
[HTTP] <-- GET /wd/hub/session/589c725b-817d-4f0b-a3b4-5dd6aa1058bf/element/5/location 200 12 ms - 89 
[HTTP] --> POST /wd/hub/session/589c725b-817d-4f0b-a3b4-5dd6aa1058bf/touch/perform {"actions":[{"action":"tap","options":{"element":"5","x":1,"y":1}}]}
[HTTP] <-- POST /wd/hub/session/589c725b-817d-4f0b-a3b4-5dd6aa1058bf/touch/perform 200 272 ms - 76 
[HTTP] --> GET /wd/hub/status {}
[HTTP] <-- GET /wd/hub/status 200 3 ms - 83 
[HTTP] --> POST /wd/hub/session {"desiredCapabilities":{"app":"C:\\Users\\Pasindu\\Desktop\\Avonet\\drive-download-20180104T074633Z-001\\app-passenger.apk","autoGrantPermissions":true,"deviceName":"samsung SM-G570F 6.0.1","fullReset":true,"newCommandTimeout":1800,"noReset":false,"platform":"ANDROID","platformName":"Android","udid":"421041ecd284741f"},"capabilities":{"desiredCapabilities":{"app":"C:\\Users\\Pasindu\\Desktop\\Avonet\\drive-download-20180104T074633Z-001\\app-passenger.apk","autoGrantPermissions":true,"deviceName":"samsung SM-G570F 6.0.1","fullReset":true,"newCommandTimeout":1800,"noReset":false,"platform":"ANDROID","platformName":"Android","udid":"421041ecd284741f"},"firstMatch":[{"platformName":"android"}]}}
[Appium] Merged W3C capabilities {"desiredCapabilities":{"app":"C:\\Users\\Pasin... into desiredCapabilities object {"app":"C:\\Users\\Pasindu\\Desktop\\Avonet\\dr...
[Appium] Creating new AndroidDriver (v1.37.0) session
[Appium] Capabilities:
[Appium]   app: C:\Users\Pasindu\Desktop\Avonet\drive-download-20180104T074633Z-001\app-passenger.apk
[Appium]   autoGrantPermissions: true
[Appium]   deviceName: samsung SM-G570F 6.0.1
[Appium]   fullReset: true
[Appium]   newCommandTimeout: 1800
[Appium]   noReset: false
[Appium]   platform: ANDROID
[Appium]   platformName: android
[Appium]   udid: 421041ecd284741f
[BaseDriver] The following capabilities were provided, but are not recognized by appium: platform.
[BaseDriver] Session created with session id: a435f452-330b-4929-a0d7-992f3da35e4f
[AndroidDriver] Java version is: 1.8.0_102
[ADB] Checking whether adb is present
[AndroidDriver] Retrieving device list
[AndroidDriver] Using device: 421041ecd284741f
[ADB] Checking whether adb is present
[BaseDriver] Using local app 'C:\Users\Pasindu\Desktop\Avonet\drive-download-20180104T074633Z-001\app-passenger.apk'
[AndroidDriver] Starting Android session
[AndroidDriver] setDeviceLanguageCountry requires language or country.
[AndroidDriver] Got language: 'null' and country: 'null'
[ADB] Checking whether aapt is present
[ADB] Checking whether aapt is present
[ADB] Getting device platform version
[ADB] Checking whether aapt is present
[ADB] Extracting package and launch activity from manifest
[ADB] net.theavo.bcon.passenger was successfully uninstalled
[AndroidDriver] Remote apk path is /data/local/tmp/872f6dd04647cb9003991e6ecf0c62d8.apk
[AndroidDriver] Apk is not yet installed
[AndroidDriver] installing apk from remote
[AndroidDriver] Clearing out any existing remote apks with the same hash
[ADB] net.theavo.bcon.passenger was not uninstalled, because it was not present on the device
[ADB] Checking whether aapt is present
[ADB] Extracting package and launch activity from manifest
[Appium] Closing session, cause was 'UiAUtomator shut down unexpectedly'
[Appium] Removing session 589c725b-817d-4f0b-a3b4-5dd6aa1058bf from our master session list
[ADB] Cannot kill process 742 in 1000 ms. Trying to force kill...
[AndroidBootstrap] Android bootstrap socket is now connected
[AndroidDriver] Screen already unlocked, doing nothing
[Appium] New AndroidDriver session created successfully, session a435f452-330b-4929-a0d7-992f3da35e4f added to master session list
[HTTP] <-- POST /wd/hub/session 200 88354 ms - 1190 
[HTTP] --> GET /wd/hub/status {}
[HTTP] <-- GET /wd/hub/status 200 5 ms - 83 
[HTTP] --> POST /wd/hub/session/a435f452-330b-4929-a0d7-992f3da35e4f/timeouts {"type":"implicit","ms":30000}
[HTTP] <-- POST /wd/hub/session/a435f452-330b-4929-a0d7-992f3da35e4f/timeouts 200 5 ms - 76 
[HTTP] --> GET /wd/hub/session/a435f452-330b-4929-a0d7-992f3da35e4f/window/current/size {}
[HTTP] <-- GET /wd/hub/session/a435f452-330b-4929-a0d7-992f3da35e4f/window/current/size 200 17 ms - 99 
[HTTP] --> POST /wd/hub/session/a435f452-330b-4929-a0d7-992f3da35e4f/elements {"using":"-android uiautomator","value":"new UiSelector().className(\"android.view.ViewGroup\").instance(7)"}
[ADB] net.theavo.bcon.passenger was successfully uninstalled
[AndroidBootstrap] Cannot shut down Android bootstrap; it has already shut down
[HTTP] <-- POST /wd/hub/session/a435f452-330b-4929-a0d7-992f3da35e4f/elements 200 30804 ms - 74 
[HTTP] --> GET /wd/hub/status {}
[HTTP] <-- GET /wd/hub/status 200 5 ms - 83 
[HTTP] --> POST /wd/hub/session {"desiredCapabilities":{"app":"C:\\Users\\Pasindu\\Desktop\\Avonet\\drive-download-20180104T074633Z-001\\app-passenger.apk","autoGrantPermissions":true,"deviceName":"samsung SM-G570F 6.0.1","fullReset":true,"newCommandTimeout":1800,"noReset":false,"platform":"ANDROID","platformName":"Android","udid":"421041ecd284741f"},"capabilities":{"desiredCapabilities":{"app":"C:\\Users\\Pasindu\\Desktop\\Avonet\\drive-download-20180104T074633Z-001\\app-passenger.apk","autoGrantPermissions":true,"deviceName":"samsung SM-G570F 6.0.1","fullReset":true,"newCommandTimeout":1800,"noReset":false,"platform":"ANDROID","platformName":"Android","udid":"421041ecd284741f"},"firstMatch":[{"platformName":"android"}]}}
[Appium] Merged W3C capabilities {"desiredCapabilities":{"app":"C:\\Users\\Pasin... into desiredCapabilities object {"app":"C:\\Users\\Pasindu\\Desktop\\Avonet\\dr...
[Appium] Creating new AndroidDriver (v1.37.0) session
[Appium] Capabilities:
[Appium]   app: C:\Users\Pasindu\Desktop\Avonet\drive-download-20180104T074633Z-001\app-passenger.apk
[Appium]   autoGrantPermissions: true
[Appium]   deviceName: samsung SM-G570F 6.0.1
[Appium]   fullReset: true
[Appium]   newCommandTimeout: 1800
[Appium]   noReset: false
[Appium]   platform: ANDROID
[Appium]   platformName: android
[Appium]   udid: 421041ecd284741f
[BaseDriver] The following capabilities were provided, but are not recognized by appium: platform.
[BaseDriver] Session created with session id: 0c309fa6-c1f2-46fa-bdd0-f4236d731863
[AndroidDriver] Java version is: 1.8.0_102
[ADB] Checking whether adb is present
[AndroidDriver] Retrieving device list
[AndroidDriver] Using device: 421041ecd284741f
[ADB] Checking whether adb is present
[BaseDriver] Using local app 'C:\Users\Pasindu\Desktop\Avonet\drive-download-20180104T074633Z-001\app-passenger.apk'
[AndroidDriver] Starting Android session
[AndroidDriver] setDeviceLanguageCountry requires language or country.
[AndroidDriver] Got language: 'null' and country: 'null'
[ADB] Checking whether aapt is present
[ADB] Checking whether aapt is present
[ADB] Getting device platform version
[ADB] Checking whether aapt is present
[ADB] Extracting package and launch activity from manifest
[ADB] net.theavo.bcon.passenger was not uninstalled, because it was not present on the device
[AndroidDriver] Remote apk path is /data/local/tmp/872f6dd04647cb9003991e6ecf0c62d8.apk
[AndroidDriver] Apk is not yet installed
[AndroidDriver] installing apk from remote
[AndroidDriver] Clearing out any existing remote apks with the same hash
[ADB] net.theavo.bcon.passenger was not uninstalled, because it was not present on the device
[ADB] Checking whether aapt is present
[ADB] Extracting package and launch activity from manifest
[Appium] Closing session, cause was 'UiAUtomator shut down unexpectedly'
[Appium] Removing session a435f452-330b-4929-a0d7-992f3da35e4f from our master session list
[ADB] Cannot kill process 4069 in 1000 ms. Trying to force kill...
[AndroidBootstrap] Android bootstrap socket is now connected
[AndroidDriver] Screen already unlocked, doing nothing
[Appium] New AndroidDriver session created successfully, session 0c309fa6-c1f2-46fa-bdd0-f4236d731863 added to master session list
[HTTP] <-- POST /wd/hub/session 200 109992 ms - 1190 
[HTTP] --> GET /wd/hub/status {}
[HTTP] <-- GET /wd/hub/status 200 4 ms - 83 
[HTTP] --> POST /wd/hub/session/0c309fa6-c1f2-46fa-bdd0-f4236d731863/timeouts {"type":"implicit","ms":30000}
[HTTP] <-- POST /wd/hub/session/0c309fa6-c1f2-46fa-bdd0-f4236d731863/timeouts 200 3 ms - 76 
[HTTP] --> GET /wd/hub/session/0c309fa6-c1f2-46fa-bdd0-f4236d731863/window/current/size {}
[HTTP] <-- GET /wd/hub/session/0c309fa6-c1f2-46fa-bdd0-f4236d731863/window/current/size 200 38 ms - 99 
[HTTP] --> POST /wd/hub/session/0c309fa6-c1f2-46fa-bdd0-f4236d731863/elements {"using":"-android uiautomator","value":"new UiSelector().className(\"android.view.ViewGroup\").instance(7)"}
[ADB] net.theavo.bcon.passenger was successfully uninstalled
[AndroidBootstrap] Cannot shut down Android bootstrap; it has already shut down
[HTTP] <-- POST /wd/hub/session/0c309fa6-c1f2-46fa-bdd0-f4236d731863/elements 200 32671 ms - 74 
[HTTP] --> GET /wd/hub/status {}
[HTTP] <-- GET /wd/hub/status 200 3 ms - 83 
[HTTP] --> POST /wd/hub/session {"desiredCapabilities":{"app":"C:\\Users\\Pasindu\\Desktop\\Avonet\\drive-download-20180104T074633Z-001\\app-passenger.apk","autoGrantPermissions":true,"deviceName":"samsung SM-G570F 6.0.1","fullReset":true,"newCommandTimeout":1800,"noReset":false,"platform":"ANDROID","platformName":"Android","udid":"421041ecd284741f"},"capabilities":{"desiredCapabilities":{"app":"C:\\Users\\Pasindu\\Desktop\\Avonet\\drive-download-20180104T074633Z-001\\app-passenger.apk","autoGrantPermissions":true,"deviceName":"samsung SM-G570F 6.0.1","fullReset":true,"newCommandTimeout":1800,"noReset":false,"platform":"ANDROID","platformName":"Android","udid":"421041ecd284741f"},"firstMatch":[{"platformName":"android"}]}}
[Appium] Merged W3C capabilities {"desiredCapabilities":{"app":"C:\\Users\\Pasin... into desiredCapabilities object {"app":"C:\\Users\\Pasindu\\Desktop\\Avonet\\dr...
[Appium] Creating new AndroidDriver (v1.37.0) session
[Appium] Capabilities:
[Appium]   app: C:\Users\Pasindu\Desktop\Avonet\drive-download-20180104T074633Z-001\app-passenger.apk
[Appium]   autoGrantPermissions: true
[Appium]   deviceName: samsung SM-G570F 6.0.1
[Appium]   fullReset: true
[Appium]   newCommandTimeout: 1800
[Appium]   noReset: false
[Appium]   platform: ANDROID
[Appium]   platformName: android
[Appium]   udid: 421041ecd284741f
[BaseDriver] The following capabilities were provided, but are not recognized by appium: platform.
[BaseDriver] Session created with session id: 29cd1cd3-9c3b-4ef5-9018-812ae63e025f
[AndroidDriver] Java version is: 1.8.0_102
[ADB] Checking whether adb is present
[AndroidDriver] Retrieving device list
[AndroidDriver] Using device: 421041ecd284741f
[ADB] Checking whether adb is present
[BaseDriver] Using local app 'C:\Users\Pasindu\Desktop\Avonet\drive-download-20180104T074633Z-001\app-passenger.apk'
[AndroidDriver] Starting Android session
[AndroidDriver] setDeviceLanguageCountry requires language or country.
[AndroidDriver] Got language: 'null' and country: 'null'
[ADB] Checking whether aapt is present
[ADB] Checking whether aapt is present
[ADB] Getting device platform version
[ADB] Checking whether aapt is present
[ADB] Extracting package and launch activity from manifest
[ADB] net.theavo.bcon.passenger was not uninstalled, because it was not present on the device
[AndroidDriver] Remote apk path is /data/local/tmp/872f6dd04647cb9003991e6ecf0c62d8.apk
[AndroidDriver] Apk is not yet installed
[AndroidDriver] installing apk from remote
[AndroidDriver] Clearing out any existing remote apks with the same hash
[ADB] net.theavo.bcon.passenger was not uninstalled, because it was not present on the device
[ADB] Checking whether aapt is present
[ADB] Extracting package and launch activity from manifest
[Appium] Closing session, cause was 'UiAUtomator shut down unexpectedly'
[Appium] Removing session 0c309fa6-c1f2-46fa-bdd0-f4236d731863 from our master session list
[ADB] Cannot kill process 7311 in 1000 ms. Trying to force kill...
[AndroidBootstrap] Android bootstrap socket is now connected
[AndroidDriver] Screen already unlocked, doing nothing
[Appium] New AndroidDriver session created successfully, session 29cd1cd3-9c3b-4ef5-9018-812ae63e025f added to master session list
[HTTP] <-- POST /wd/hub/session 200 110839 ms - 1190 
[HTTP] --> GET /wd/hub/status {}
[HTTP] <-- GET /wd/hub/status 200 4 ms - 83 
[HTTP] --> POST /wd/hub/session/29cd1cd3-9c3b-4ef5-9018-812ae63e025f/timeouts {"type":"implicit","ms":30000}
[HTTP] <-- POST /wd/hub/session/29cd1cd3-9c3b-4ef5-9018-812ae63e025f/timeouts 200 2 ms - 76 
[HTTP] --> GET /wd/hub/session/29cd1cd3-9c3b-4ef5-9018-812ae63e025f/window/current/size {}
[HTTP] <-- GET /wd/hub/session/29cd1cd3-9c3b-4ef5-9018-812ae63e025f/window/current/size 200 47 ms - 99 
[HTTP] --> POST /wd/hub/session/29cd1cd3-9c3b-4ef5-9018-812ae63e025f/elements {"using":"-android uiautomator","value":"new UiSelector().className(\"android.view.ViewGroup\").instance(7)"}
[ADB] net.theavo.bcon.passenger was successfully uninstalled
[AndroidBootstrap] Cannot shut down Android bootstrap; it has already shut down
[HTTP] <-- POST /wd/hub/session/29cd1cd3-9c3b-4ef5-9018-812ae63e025f/elements 200 31112 ms - 74 
[HTTP] --> DELETE /wd/hub/session/29cd1cd3-9c3b-4ef5-9018-812ae63e025f {}
[Appium] Removing session 29cd1cd3-9c3b-4ef5-9018-812ae63e025f from our master session list
[ADB] net.theavo.bcon.passenger was not uninstalled, because it was not present on the device
[ADB] No uiautomator process found to kill, continuing...
[HTTP] <-- DELETE /wd/hub/session/29cd1cd3-9c3b-4ef5-9018-812ae63e025f 200 7509 ms - 76 
