[Appium] Welcome to Appium v1.7.2
[Appium] Non-default server args:
[Appium]   port: 58645
[Appium]   loglevel: info
[Appium]   chromeDriverPort: 58646
[Appium]   tmpDir: C:\Users\Pasindu\AppData\Local\Temp\\Katalon\Appium\Temp1516080156194
[Appium] Appium REST http interface listener started on 0.0.0.0:58645
[HTTP] --> GET /wd/hub/status {}
[HTTP] <-- GET /wd/hub/status 200 9 ms - 72 
[HTTP] --> POST /wd/hub/session {"desiredCapabilities":{"app":"C:\\Users\\Pasindu\\Desktop\\Avonet\\drive-download-20180104T074633Z-001\\app-passenger.apk","autoGrantPermissions":true,"deviceName":"samsung SM-G570F 6.0.1","fullReset":true,"newCommandTimeout":1800,"noReset":false,"platform":"ANDROID","platformName":"Android","udid":"421041ecd284741f"},"capabilities":{"desiredCapabilities":{"app":"C:\\Users\\Pasindu\\Desktop\\Avonet\\drive-download-20180104T074633Z-001\\app-passenger.apk","autoGrantPermissions":true,"deviceName":"samsung SM-G570F 6.0.1","fullReset":true,"newCommandTimeout":1800,"noReset":false,"platform":"ANDROID","platformName":"Android","udid":"421041ecd284741f"},"firstMatch":[{"platformName":"android"}]}}
[Appium] Merged W3C capabilities {"desiredCapabilities":{"app":"C:\\Users\\Pasin... into desiredCapabilities object {"app":"C:\\Users\\Pasindu\\Desktop\\Avonet\\dr...
[Appium] Creating new AndroidDriver (v1.37.0) session
[Appium] Capabilities:
[Appium]   app: C:\Users\Pasindu\Desktop\Avonet\drive-download-20180104T074633Z-001\app-passenger.apk
[Appium]   autoGrantPermissions: true
[Appium]   deviceName: samsung SM-G570F 6.0.1
[Appium]   fullReset: true
[Appium]   newCommandTimeout: 1800
[Appium]   noReset: false
[Appium]   platform: ANDROID
[Appium]   platformName: android
[Appium]   udid: 421041ecd284741f
[BaseDriver] The following capabilities were provided, but are not recognized by appium: platform.
[BaseDriver] Session created with session id: 48625dab-e6e6-45fe-8d5f-3392b1125fd7
[AndroidDriver] Java version is: 1.8.0_102
[ADB] Checking whether adb is present
[ADB] Using adb.exe from C:\Users\Pasindu\.katalon\tools\android_sdk\platform-tools\adb.exe
[AndroidDriver] Retrieving device list
[AndroidDriver] Using device: 421041ecd284741f
[ADB] Checking whether adb is present
[BaseDriver] Using local app 'C:\Users\Pasindu\Desktop\Avonet\drive-download-20180104T074633Z-001\app-passenger.apk'
[AndroidDriver] Starting Android session
[AndroidDriver] setDeviceLanguageCountry requires language or country.
[AndroidDriver] Got language: 'null' and country: 'null'
[ADB] Checking whether aapt is present
[ADB] Using aapt.exe from C:\Users\Pasindu\.katalon\tools\android_sdk\build-tools\27.0.3\aapt.exe
[ADB] Checking whether aapt is present
[ADB] Getting device platform version
[ADB] Checking whether aapt is present
[ADB] Extracting package and launch activity from manifest
[ADB] net.theavo.bcon.passenger was not uninstalled, because it was not present on the device
[AndroidDriver] Remote apk path is /data/local/tmp/872f6dd04647cb9003991e6ecf0c62d8.apk
[AndroidDriver] Apk is not yet installed
[AndroidDriver] installing apk from remote
[AndroidDriver] Clearing out any existing remote apks with the same hash
[ADB] net.theavo.bcon.passenger was not uninstalled, because it was not present on the device
[ADB] Checking whether aapt is present
[ADB] Extracting package and launch activity from manifest
[ADB] No uiautomator process found to kill, continuing...
[AndroidBootstrap] Android bootstrap socket is now connected
[AndroidDriver] Screen already unlocked, doing nothing
[Appium] New AndroidDriver session created successfully, session 48625dab-e6e6-45fe-8d5f-3392b1125fd7 added to master session list
[HTTP] <-- POST /wd/hub/session 200 71455 ms - 1190 
[HTTP] --> GET /wd/hub/status {}
[HTTP] <-- GET /wd/hub/status 200 4 ms - 83 
[HTTP] --> POST /wd/hub/session/48625dab-e6e6-45fe-8d5f-3392b1125fd7/timeouts {"type":"implicit","ms":30000}
[HTTP] <-- POST /wd/hub/session/48625dab-e6e6-45fe-8d5f-3392b1125fd7/timeouts 200 7 ms - 76 
[HTTP] --> GET /wd/hub/session/48625dab-e6e6-45fe-8d5f-3392b1125fd7/window/current/size {}
[HTTP] <-- GET /wd/hub/session/48625dab-e6e6-45fe-8d5f-3392b1125fd7/window/current/size 200 21 ms - 99 
[HTTP] --> POST /wd/hub/session/48625dab-e6e6-45fe-8d5f-3392b1125fd7/elements {"using":"-android uiautomator","value":"new UiSelector().className(\"android.view.ViewGroup\").instance(4)"}
[HTTP] <-- POST /wd/hub/session/48625dab-e6e6-45fe-8d5f-3392b1125fd7/elements 200 6212 ms - 89 
[HTTP] --> GET /wd/hub/session/48625dab-e6e6-45fe-8d5f-3392b1125fd7 {}
[HTTP] <-- GET /wd/hub/session/48625dab-e6e6-45fe-8d5f-3392b1125fd7 200 3 ms - 1190 
[HTTP] --> GET /wd/hub/session/48625dab-e6e6-45fe-8d5f-3392b1125fd7 {}
[HTTP] <-- GET /wd/hub/session/48625dab-e6e6-45fe-8d5f-3392b1125fd7 200 2 ms - 1190 
[HTTP] --> GET /wd/hub/session/48625dab-e6e6-45fe-8d5f-3392b1125fd7 {}
[HTTP] <-- GET /wd/hub/session/48625dab-e6e6-45fe-8d5f-3392b1125fd7 200 2 ms - 1190 
[HTTP] --> GET /wd/hub/session/48625dab-e6e6-45fe-8d5f-3392b1125fd7 {}
[HTTP] <-- GET /wd/hub/session/48625dab-e6e6-45fe-8d5f-3392b1125fd7 200 2 ms - 1190 
[HTTP] --> GET /wd/hub/session/48625dab-e6e6-45fe-8d5f-3392b1125fd7/element/1/location {}
[HTTP] <-- GET /wd/hub/session/48625dab-e6e6-45fe-8d5f-3392b1125fd7/element/1/location 200 12 ms - 89 
[HTTP] --> POST /wd/hub/session/48625dab-e6e6-45fe-8d5f-3392b1125fd7/touch/perform {"actions":[{"action":"tap","options":{"element":"1","x":1,"y":1}}]}
[HTTP] <-- POST /wd/hub/session/48625dab-e6e6-45fe-8d5f-3392b1125fd7/touch/perform 200 320 ms - 76 
[HTTP] --> GET /wd/hub/session/48625dab-e6e6-45fe-8d5f-3392b1125fd7/window/current/size {}
[HTTP] <-- GET /wd/hub/session/48625dab-e6e6-45fe-8d5f-3392b1125fd7/window/current/size 200 6 ms - 99 
[HTTP] --> POST /wd/hub/session/48625dab-e6e6-45fe-8d5f-3392b1125fd7/elements {"using":"-android uiautomator","value":"new UiSelector().className(\"android.widget.EditText\").text(\"Mobile Number\").instance(0)"}
[HTTP] <-- POST /wd/hub/session/48625dab-e6e6-45fe-8d5f-3392b1125fd7/elements 200 599 ms - 89 
[HTTP] --> GET /wd/hub/session/48625dab-e6e6-45fe-8d5f-3392b1125fd7 {}
[HTTP] <-- GET /wd/hub/session/48625dab-e6e6-45fe-8d5f-3392b1125fd7 200 2 ms - 1190 
[HTTP] --> GET /wd/hub/session/48625dab-e6e6-45fe-8d5f-3392b1125fd7 {}
[HTTP] <-- GET /wd/hub/session/48625dab-e6e6-45fe-8d5f-3392b1125fd7 200 2 ms - 1190 
[HTTP] --> GET /wd/hub/session/48625dab-e6e6-45fe-8d5f-3392b1125fd7 {}
[HTTP] <-- GET /wd/hub/session/48625dab-e6e6-45fe-8d5f-3392b1125fd7 200 2 ms - 1190 
[HTTP] --> GET /wd/hub/session/48625dab-e6e6-45fe-8d5f-3392b1125fd7 {}
[HTTP] <-- GET /wd/hub/session/48625dab-e6e6-45fe-8d5f-3392b1125fd7 200 2 ms - 1190 
[HTTP] --> GET /wd/hub/session/48625dab-e6e6-45fe-8d5f-3392b1125fd7/element/2/location {}
[HTTP] <-- GET /wd/hub/session/48625dab-e6e6-45fe-8d5f-3392b1125fd7/element/2/location 200 18 ms - 88 
[HTTP] --> POST /wd/hub/session/48625dab-e6e6-45fe-8d5f-3392b1125fd7/element/2/clear {"id":"2"}
[HTTP] <-- POST /wd/hub/session/48625dab-e6e6-45fe-8d5f-3392b1125fd7/element/2/clear 200 2324 ms - 76 
[HTTP] --> POST /wd/hub/session/48625dab-e6e6-45fe-8d5f-3392b1125fd7/element/2/value {"id":"2","value":["0715645545"]}
[HTTP] <-- POST /wd/hub/session/48625dab-e6e6-45fe-8d5f-3392b1125fd7/element/2/value 200 5323 ms - 76 
[HTTP] --> GET /wd/hub/session/48625dab-e6e6-45fe-8d5f-3392b1125fd7/context {}
[HTTP] <-- GET /wd/hub/session/48625dab-e6e6-45fe-8d5f-3392b1125fd7/context 200 2 ms - 84 
[HTTP] --> GET /wd/hub/session/48625dab-e6e6-45fe-8d5f-3392b1125fd7/contexts {}
[HTTP] <-- GET /wd/hub/session/48625dab-e6e6-45fe-8d5f-3392b1125fd7/contexts 200 131 ms - 86 
[HTTP] --> POST /wd/hub/session/48625dab-e6e6-45fe-8d5f-3392b1125fd7/context {"name":"NATIVE_APP"}
[HTTP] <-- POST /wd/hub/session/48625dab-e6e6-45fe-8d5f-3392b1125fd7/context 200 130 ms - 76 
[HTTP] --> POST /wd/hub/session/48625dab-e6e6-45fe-8d5f-3392b1125fd7/appium/device/hide_keyboard {}
[HTTP] <-- POST /wd/hub/session/48625dab-e6e6-45fe-8d5f-3392b1125fd7/appium/device/hide_keyboard 200 320 ms - 76 
[HTTP] --> POST /wd/hub/session/48625dab-e6e6-45fe-8d5f-3392b1125fd7/context {"name":"NATIVE_APP"}
[HTTP] <-- POST /wd/hub/session/48625dab-e6e6-45fe-8d5f-3392b1125fd7/context 200 229 ms - 76 
[HTTP] --> GET /wd/hub/session/48625dab-e6e6-45fe-8d5f-3392b1125fd7/window/current/size {}
[HTTP] <-- GET /wd/hub/session/48625dab-e6e6-45fe-8d5f-3392b1125fd7/window/current/size 200 5 ms - 99 
[HTTP] --> POST /wd/hub/session/48625dab-e6e6-45fe-8d5f-3392b1125fd7/elements {"using":"-android uiautomator","value":"new UiSelector().className(\"android.view.ViewGroup\").instance(6)"}
[HTTP] <-- POST /wd/hub/session/48625dab-e6e6-45fe-8d5f-3392b1125fd7/elements 200 377 ms - 89 
[HTTP] --> GET /wd/hub/session/48625dab-e6e6-45fe-8d5f-3392b1125fd7 {}
[HTTP] <-- GET /wd/hub/session/48625dab-e6e6-45fe-8d5f-3392b1125fd7 200 2 ms - 1190 
[HTTP] --> GET /wd/hub/session/48625dab-e6e6-45fe-8d5f-3392b1125fd7 {}
[HTTP] <-- GET /wd/hub/session/48625dab-e6e6-45fe-8d5f-3392b1125fd7 200 2 ms - 1190 
[HTTP] --> GET /wd/hub/session/48625dab-e6e6-45fe-8d5f-3392b1125fd7 {}
[HTTP] <-- GET /wd/hub/session/48625dab-e6e6-45fe-8d5f-3392b1125fd7 200 2 ms - 1190 
[HTTP] --> GET /wd/hub/session/48625dab-e6e6-45fe-8d5f-3392b1125fd7 {}
[HTTP] <-- GET /wd/hub/session/48625dab-e6e6-45fe-8d5f-3392b1125fd7 200 2 ms - 1190 
[HTTP] --> GET /wd/hub/session/48625dab-e6e6-45fe-8d5f-3392b1125fd7/element/3/location {}
[HTTP] <-- GET /wd/hub/session/48625dab-e6e6-45fe-8d5f-3392b1125fd7/element/3/location 200 16 ms - 89 
[HTTP] --> POST /wd/hub/session/48625dab-e6e6-45fe-8d5f-3392b1125fd7/touch/perform {"actions":[{"action":"tap","options":{"element":"3","x":1,"y":1}}]}
[HTTP] <-- POST /wd/hub/session/48625dab-e6e6-45fe-8d5f-3392b1125fd7/touch/perform 200 182 ms - 76 
[HTTP] --> GET /wd/hub/session/48625dab-e6e6-45fe-8d5f-3392b1125fd7/window/current/size {}
[HTTP] <-- GET /wd/hub/session/48625dab-e6e6-45fe-8d5f-3392b1125fd7/window/current/size 200 5 ms - 99 
[HTTP] --> POST /wd/hub/session/48625dab-e6e6-45fe-8d5f-3392b1125fd7/elements {"using":"-android uiautomator","value":"new UiSelector().className(\"android.view.ViewGroup\").instance(6)"}
[HTTP] <-- POST /wd/hub/session/48625dab-e6e6-45fe-8d5f-3392b1125fd7/elements 200 494 ms - 89 
[HTTP] --> GET /wd/hub/session/48625dab-e6e6-45fe-8d5f-3392b1125fd7 {}
[HTTP] <-- GET /wd/hub/session/48625dab-e6e6-45fe-8d5f-3392b1125fd7 200 1 ms - 1190 
[HTTP] --> GET /wd/hub/session/48625dab-e6e6-45fe-8d5f-3392b1125fd7 {}
[HTTP] <-- GET /wd/hub/session/48625dab-e6e6-45fe-8d5f-3392b1125fd7 200 1 ms - 1190 
[HTTP] --> GET /wd/hub/session/48625dab-e6e6-45fe-8d5f-3392b1125fd7 {}
[HTTP] <-- GET /wd/hub/session/48625dab-e6e6-45fe-8d5f-3392b1125fd7 200 1 ms - 1190 
[HTTP] --> GET /wd/hub/session/48625dab-e6e6-45fe-8d5f-3392b1125fd7 {}
[HTTP] <-- GET /wd/hub/session/48625dab-e6e6-45fe-8d5f-3392b1125fd7 200 2 ms - 1190 
[HTTP] --> GET /wd/hub/session/48625dab-e6e6-45fe-8d5f-3392b1125fd7/element/4/location {}
[HTTP] <-- GET /wd/hub/session/48625dab-e6e6-45fe-8d5f-3392b1125fd7/element/4/location 200 14 ms - 89 
[HTTP] --> POST /wd/hub/session/48625dab-e6e6-45fe-8d5f-3392b1125fd7/touch/perform {"actions":[{"action":"tap","options":{"element":"4","x":1,"y":1}}]}
[HTTP] <-- POST /wd/hub/session/48625dab-e6e6-45fe-8d5f-3392b1125fd7/touch/perform 200 270 ms - 76 
[HTTP] --> GET /wd/hub/session/48625dab-e6e6-45fe-8d5f-3392b1125fd7/window/current/size {}
[HTTP] <-- GET /wd/hub/session/48625dab-e6e6-45fe-8d5f-3392b1125fd7/window/current/size 200 7 ms - 99 
[HTTP] --> POST /wd/hub/session/48625dab-e6e6-45fe-8d5f-3392b1125fd7/elements {"using":"-android uiautomator","value":"new UiSelector().className(\"android.widget.ImageView\").instance(0)"}
[HTTP] <-- POST /wd/hub/session/48625dab-e6e6-45fe-8d5f-3392b1125fd7/elements 200 66 ms - 89 
[HTTP] --> GET /wd/hub/session/48625dab-e6e6-45fe-8d5f-3392b1125fd7 {}
[HTTP] <-- GET /wd/hub/session/48625dab-e6e6-45fe-8d5f-3392b1125fd7 200 2 ms - 1190 
[HTTP] --> GET /wd/hub/session/48625dab-e6e6-45fe-8d5f-3392b1125fd7 {}
[HTTP] <-- GET /wd/hub/session/48625dab-e6e6-45fe-8d5f-3392b1125fd7 200 3 ms - 1190 
[HTTP] --> GET /wd/hub/session/48625dab-e6e6-45fe-8d5f-3392b1125fd7 {}
[HTTP] <-- GET /wd/hub/session/48625dab-e6e6-45fe-8d5f-3392b1125fd7 200 2 ms - 1190 
[HTTP] --> GET /wd/hub/session/48625dab-e6e6-45fe-8d5f-3392b1125fd7 {}
[HTTP] <-- GET /wd/hub/session/48625dab-e6e6-45fe-8d5f-3392b1125fd7 200 2 ms - 1190 
[HTTP] --> GET /wd/hub/session/48625dab-e6e6-45fe-8d5f-3392b1125fd7/element/5/location {}
[HTTP] <-- GET /wd/hub/session/48625dab-e6e6-45fe-8d5f-3392b1125fd7/element/5/location 200 37 ms - 89 
[HTTP] --> POST /wd/hub/session/48625dab-e6e6-45fe-8d5f-3392b1125fd7/touch/perform {"actions":[{"action":"tap","options":{"element":"5","x":1,"y":1}}]}
[HTTP] <-- POST /wd/hub/session/48625dab-e6e6-45fe-8d5f-3392b1125fd7/touch/perform 200 332 ms - 76 
[HTTP] --> GET /wd/hub/session/48625dab-e6e6-45fe-8d5f-3392b1125fd7/window/current/size {}
[HTTP] <-- GET /wd/hub/session/48625dab-e6e6-45fe-8d5f-3392b1125fd7/window/current/size 200 7 ms - 99 
[HTTP] --> POST /wd/hub/session/48625dab-e6e6-45fe-8d5f-3392b1125fd7/elements {"using":"-android uiautomator","value":"new UiSelector().className(\"android.widget.ImageView\").resourceId(\"com.android.documentsui:id/icon_thumb\").instance(0)"}
[HTTP] <-- POST /wd/hub/session/48625dab-e6e6-45fe-8d5f-3392b1125fd7/elements 200 3224 ms - 205 
[HTTP] --> GET /wd/hub/session/48625dab-e6e6-45fe-8d5f-3392b1125fd7 {}
[HTTP] <-- GET /wd/hub/session/48625dab-e6e6-45fe-8d5f-3392b1125fd7 200 2 ms - 1190 
[HTTP] --> GET /wd/hub/session/48625dab-e6e6-45fe-8d5f-3392b1125fd7 {}
[HTTP] <-- GET /wd/hub/session/48625dab-e6e6-45fe-8d5f-3392b1125fd7 200 2 ms - 1190 
[HTTP] --> GET /wd/hub/session/48625dab-e6e6-45fe-8d5f-3392b1125fd7 {}
[HTTP] <-- GET /wd/hub/session/48625dab-e6e6-45fe-8d5f-3392b1125fd7 200 2 ms - 1190 
[HTTP] --> GET /wd/hub/session/48625dab-e6e6-45fe-8d5f-3392b1125fd7 {}
[HTTP] <-- GET /wd/hub/session/48625dab-e6e6-45fe-8d5f-3392b1125fd7 200 2 ms - 1190 
[HTTP] --> GET /wd/hub/session/48625dab-e6e6-45fe-8d5f-3392b1125fd7 {}
[HTTP] <-- GET /wd/hub/session/48625dab-e6e6-45fe-8d5f-3392b1125fd7 200 2 ms - 1190 
[HTTP] --> GET /wd/hub/session/48625dab-e6e6-45fe-8d5f-3392b1125fd7 {}
[HTTP] <-- GET /wd/hub/session/48625dab-e6e6-45fe-8d5f-3392b1125fd7 200 2 ms - 1190 
[HTTP] --> GET /wd/hub/session/48625dab-e6e6-45fe-8d5f-3392b1125fd7 {}
[HTTP] <-- GET /wd/hub/session/48625dab-e6e6-45fe-8d5f-3392b1125fd7 200 2 ms - 1190 
[HTTP] --> GET /wd/hub/session/48625dab-e6e6-45fe-8d5f-3392b1125fd7 {}
[HTTP] <-- GET /wd/hub/session/48625dab-e6e6-45fe-8d5f-3392b1125fd7 200 2 ms - 1190 
[HTTP] --> GET /wd/hub/session/48625dab-e6e6-45fe-8d5f-3392b1125fd7 {}
[HTTP] <-- GET /wd/hub/session/48625dab-e6e6-45fe-8d5f-3392b1125fd7 200 2 ms - 1190 
[HTTP] --> GET /wd/hub/session/48625dab-e6e6-45fe-8d5f-3392b1125fd7 {}
[HTTP] <-- GET /wd/hub/session/48625dab-e6e6-45fe-8d5f-3392b1125fd7 200 1 ms - 1190 
[HTTP] --> GET /wd/hub/session/48625dab-e6e6-45fe-8d5f-3392b1125fd7 {}
[HTTP] <-- GET /wd/hub/session/48625dab-e6e6-45fe-8d5f-3392b1125fd7 200 2 ms - 1190 
[HTTP] --> GET /wd/hub/session/48625dab-e6e6-45fe-8d5f-3392b1125fd7 {}
[HTTP] <-- GET /wd/hub/session/48625dab-e6e6-45fe-8d5f-3392b1125fd7 200 2 ms - 1190 
[HTTP] --> GET /wd/hub/session/48625dab-e6e6-45fe-8d5f-3392b1125fd7 {}
[HTTP] <-- GET /wd/hub/session/48625dab-e6e6-45fe-8d5f-3392b1125fd7 200 1 ms - 1190 
[HTTP] --> GET /wd/hub/session/48625dab-e6e6-45fe-8d5f-3392b1125fd7 {}
[HTTP] <-- GET /wd/hub/session/48625dab-e6e6-45fe-8d5f-3392b1125fd7 200 1 ms - 1190 
[HTTP] --> GET /wd/hub/session/48625dab-e6e6-45fe-8d5f-3392b1125fd7 {}
[HTTP] <-- GET /wd/hub/session/48625dab-e6e6-45fe-8d5f-3392b1125fd7 200 1 ms - 1190 
[HTTP] --> GET /wd/hub/session/48625dab-e6e6-45fe-8d5f-3392b1125fd7 {}
[HTTP] <-- GET /wd/hub/session/48625dab-e6e6-45fe-8d5f-3392b1125fd7 200 2 ms - 1190 
[HTTP] --> GET /wd/hub/session/48625dab-e6e6-45fe-8d5f-3392b1125fd7 {}
[HTTP] <-- GET /wd/hub/session/48625dab-e6e6-45fe-8d5f-3392b1125fd7 200 1 ms - 1190 
[HTTP] --> GET /wd/hub/session/48625dab-e6e6-45fe-8d5f-3392b1125fd7 {}
[HTTP] <-- GET /wd/hub/session/48625dab-e6e6-45fe-8d5f-3392b1125fd7 200 1 ms - 1190 
[HTTP] --> GET /wd/hub/session/48625dab-e6e6-45fe-8d5f-3392b1125fd7 {}
[HTTP] <-- GET /wd/hub/session/48625dab-e6e6-45fe-8d5f-3392b1125fd7 200 1 ms - 1190 
[HTTP] --> GET /wd/hub/session/48625dab-e6e6-45fe-8d5f-3392b1125fd7 {}
[HTTP] <-- GET /wd/hub/session/48625dab-e6e6-45fe-8d5f-3392b1125fd7 200 1 ms - 1190 
[HTTP] --> GET /wd/hub/session/48625dab-e6e6-45fe-8d5f-3392b1125fd7 {}
[HTTP] <-- GET /wd/hub/session/48625dab-e6e6-45fe-8d5f-3392b1125fd7 200 1 ms - 1190 
[HTTP] --> GET /wd/hub/session/48625dab-e6e6-45fe-8d5f-3392b1125fd7 {}
[HTTP] <-- GET /wd/hub/session/48625dab-e6e6-45fe-8d5f-3392b1125fd7 200 1 ms - 1190 
[HTTP] --> GET /wd/hub/session/48625dab-e6e6-45fe-8d5f-3392b1125fd7 {}
[HTTP] <-- GET /wd/hub/session/48625dab-e6e6-45fe-8d5f-3392b1125fd7 200 2 ms - 1190 
[HTTP] --> GET /wd/hub/session/48625dab-e6e6-45fe-8d5f-3392b1125fd7 {}
[HTTP] <-- GET /wd/hub/session/48625dab-e6e6-45fe-8d5f-3392b1125fd7 200 2 ms - 1190 
[HTTP] --> GET /wd/hub/session/48625dab-e6e6-45fe-8d5f-3392b1125fd7 {}
[HTTP] <-- GET /wd/hub/session/48625dab-e6e6-45fe-8d5f-3392b1125fd7 200 1 ms - 1190 
[HTTP] --> GET /wd/hub/session/48625dab-e6e6-45fe-8d5f-3392b1125fd7 {}
[HTTP] <-- GET /wd/hub/session/48625dab-e6e6-45fe-8d5f-3392b1125fd7 200 1 ms - 1190 
[HTTP] --> GET /wd/hub/session/48625dab-e6e6-45fe-8d5f-3392b1125fd7 {}
[HTTP] <-- GET /wd/hub/session/48625dab-e6e6-45fe-8d5f-3392b1125fd7 200 1 ms - 1190 
[HTTP] --> GET /wd/hub/session/48625dab-e6e6-45fe-8d5f-3392b1125fd7 {}
[HTTP] <-- GET /wd/hub/session/48625dab-e6e6-45fe-8d5f-3392b1125fd7 200 2 ms - 1190 
[HTTP] --> GET /wd/hub/session/48625dab-e6e6-45fe-8d5f-3392b1125fd7 {}
[HTTP] <-- GET /wd/hub/session/48625dab-e6e6-45fe-8d5f-3392b1125fd7 200 2 ms - 1190 
[HTTP] --> GET /wd/hub/session/48625dab-e6e6-45fe-8d5f-3392b1125fd7 {}
[HTTP] <-- GET /wd/hub/session/48625dab-e6e6-45fe-8d5f-3392b1125fd7 200 1 ms - 1190 
[HTTP] --> GET /wd/hub/session/48625dab-e6e6-45fe-8d5f-3392b1125fd7 {}
[HTTP] <-- GET /wd/hub/session/48625dab-e6e6-45fe-8d5f-3392b1125fd7 200 2 ms - 1190 
[HTTP] --> GET /wd/hub/session/48625dab-e6e6-45fe-8d5f-3392b1125fd7 {}
[HTTP] <-- GET /wd/hub/session/48625dab-e6e6-45fe-8d5f-3392b1125fd7 200 1 ms - 1190 
[HTTP] --> GET /wd/hub/session/48625dab-e6e6-45fe-8d5f-3392b1125fd7/element/6/location {}
[HTTP] <-- GET /wd/hub/session/48625dab-e6e6-45fe-8d5f-3392b1125fd7/element/6/location 200 15 ms - 87 
[HTTP] --> POST /wd/hub/session/48625dab-e6e6-45fe-8d5f-3392b1125fd7/touch/perform {"actions":[{"action":"tap","options":{"element":"6","x":1,"y":1}}]}
[HTTP] <-- POST /wd/hub/session/48625dab-e6e6-45fe-8d5f-3392b1125fd7/touch/perform 200 173 ms - 76 
[HTTP] --> GET /wd/hub/session/48625dab-e6e6-45fe-8d5f-3392b1125fd7/window/current/size {}
[HTTP] <-- GET /wd/hub/session/48625dab-e6e6-45fe-8d5f-3392b1125fd7/window/current/size 200 5 ms - 99 
[HTTP] --> POST /wd/hub/session/48625dab-e6e6-45fe-8d5f-3392b1125fd7/elements {"using":"-android uiautomator","value":"new UiSelector().className(\"android.widget.TextView\").resourceId(\"net.theavo.bcon.passenger:id/menu_crop\").instance(1)"}
[HTTP] <-- POST /wd/hub/session/48625dab-e6e6-45fe-8d5f-3392b1125fd7/elements 200 1190 ms - 90 
[HTTP] --> GET /wd/hub/session/48625dab-e6e6-45fe-8d5f-3392b1125fd7 {}
[HTTP] <-- GET /wd/hub/session/48625dab-e6e6-45fe-8d5f-3392b1125fd7 200 1 ms - 1190 
[HTTP] --> GET /wd/hub/session/48625dab-e6e6-45fe-8d5f-3392b1125fd7 {}
[HTTP] <-- GET /wd/hub/session/48625dab-e6e6-45fe-8d5f-3392b1125fd7 200 1 ms - 1190 
[HTTP] --> GET /wd/hub/session/48625dab-e6e6-45fe-8d5f-3392b1125fd7 {}
[HTTP] <-- GET /wd/hub/session/48625dab-e6e6-45fe-8d5f-3392b1125fd7 200 1 ms - 1190 
[HTTP] --> GET /wd/hub/session/48625dab-e6e6-45fe-8d5f-3392b1125fd7 {}
[HTTP] <-- GET /wd/hub/session/48625dab-e6e6-45fe-8d5f-3392b1125fd7 200 2 ms - 1190 
[HTTP] --> GET /wd/hub/session/48625dab-e6e6-45fe-8d5f-3392b1125fd7/element/14/location {}
[HTTP] <-- GET /wd/hub/session/48625dab-e6e6-45fe-8d5f-3392b1125fd7/element/14/location 200 11 ms - 88 
[HTTP] --> POST /wd/hub/session/48625dab-e6e6-45fe-8d5f-3392b1125fd7/touch/perform {"actions":[{"action":"tap","options":{"element":"14","x":1,"y":1}}]}
[HTTP] <-- POST /wd/hub/session/48625dab-e6e6-45fe-8d5f-3392b1125fd7/touch/perform 200 148 ms - 76 
[HTTP] --> GET /wd/hub/session/48625dab-e6e6-45fe-8d5f-3392b1125fd7/window/current/size {}
[HTTP] <-- GET /wd/hub/session/48625dab-e6e6-45fe-8d5f-3392b1125fd7/window/current/size 200 6 ms - 99 
[HTTP] --> POST /wd/hub/session/48625dab-e6e6-45fe-8d5f-3392b1125fd7/elements {"using":"-android uiautomator","value":"new UiSelector().className(\"android.widget.EditText\").text(\"First name\").instance(0)"}
[HTTP] <-- POST /wd/hub/session/48625dab-e6e6-45fe-8d5f-3392b1125fd7/elements 200 975 ms - 90 
[HTTP] --> GET /wd/hub/session/48625dab-e6e6-45fe-8d5f-3392b1125fd7 {}
[HTTP] <-- GET /wd/hub/session/48625dab-e6e6-45fe-8d5f-3392b1125fd7 200 1 ms - 1190 
[HTTP] --> GET /wd/hub/session/48625dab-e6e6-45fe-8d5f-3392b1125fd7 {}
[HTTP] <-- GET /wd/hub/session/48625dab-e6e6-45fe-8d5f-3392b1125fd7 200 1 ms - 1190 
[HTTP] --> GET /wd/hub/session/48625dab-e6e6-45fe-8d5f-3392b1125fd7 {}
[HTTP] <-- GET /wd/hub/session/48625dab-e6e6-45fe-8d5f-3392b1125fd7 200 1 ms - 1190 
[HTTP] --> GET /wd/hub/session/48625dab-e6e6-45fe-8d5f-3392b1125fd7 {}
[HTTP] <-- GET /wd/hub/session/48625dab-e6e6-45fe-8d5f-3392b1125fd7 200 2 ms - 1190 
[HTTP] --> GET /wd/hub/session/48625dab-e6e6-45fe-8d5f-3392b1125fd7/element/15/location {}
[HTTP] <-- GET /wd/hub/session/48625dab-e6e6-45fe-8d5f-3392b1125fd7/element/15/location 200 28 ms - 88 
[HTTP] --> POST /wd/hub/session/48625dab-e6e6-45fe-8d5f-3392b1125fd7/element/15/clear {"id":"15"}
[HTTP] <-- POST /wd/hub/session/48625dab-e6e6-45fe-8d5f-3392b1125fd7/element/15/clear 200 2281 ms - 76 
[HTTP] --> POST /wd/hub/session/48625dab-e6e6-45fe-8d5f-3392b1125fd7/element/15/value {"id":"15","value":["Pasindu"]}
[HTTP] <-- POST /wd/hub/session/48625dab-e6e6-45fe-8d5f-3392b1125fd7/element/15/value 200 5630 ms - 76 
[HTTP] --> GET /wd/hub/session/48625dab-e6e6-45fe-8d5f-3392b1125fd7/context {}
[HTTP] <-- GET /wd/hub/session/48625dab-e6e6-45fe-8d5f-3392b1125fd7/context 200 3 ms - 84 
[HTTP] --> GET /wd/hub/session/48625dab-e6e6-45fe-8d5f-3392b1125fd7/contexts {}
[HTTP] <-- GET /wd/hub/session/48625dab-e6e6-45fe-8d5f-3392b1125fd7/contexts 200 151 ms - 86 
[HTTP] --> POST /wd/hub/session/48625dab-e6e6-45fe-8d5f-3392b1125fd7/context {"name":"NATIVE_APP"}
[HTTP] <-- POST /wd/hub/session/48625dab-e6e6-45fe-8d5f-3392b1125fd7/context 200 131 ms - 76 
[HTTP] --> POST /wd/hub/session/48625dab-e6e6-45fe-8d5f-3392b1125fd7/appium/device/hide_keyboard {}
[HTTP] <-- POST /wd/hub/session/48625dab-e6e6-45fe-8d5f-3392b1125fd7/appium/device/hide_keyboard 200 285 ms - 76 
[HTTP] --> POST /wd/hub/session/48625dab-e6e6-45fe-8d5f-3392b1125fd7/context {"name":"NATIVE_APP"}
[HTTP] <-- POST /wd/hub/session/48625dab-e6e6-45fe-8d5f-3392b1125fd7/context 200 123 ms - 76 
[HTTP] --> GET /wd/hub/session/48625dab-e6e6-45fe-8d5f-3392b1125fd7/window/current/size {}
[HTTP] <-- GET /wd/hub/session/48625dab-e6e6-45fe-8d5f-3392b1125fd7/window/current/size 200 7 ms - 99 
[HTTP] --> POST /wd/hub/session/48625dab-e6e6-45fe-8d5f-3392b1125fd7/elements {"using":"-android uiautomator","value":"new UiSelector().className(\"android.view.ViewGroup\").instance(9)"}
[HTTP] <-- POST /wd/hub/session/48625dab-e6e6-45fe-8d5f-3392b1125fd7/elements 200 77 ms - 90 
[HTTP] --> GET /wd/hub/session/48625dab-e6e6-45fe-8d5f-3392b1125fd7 {}
[HTTP] <-- GET /wd/hub/session/48625dab-e6e6-45fe-8d5f-3392b1125fd7 200 1 ms - 1190 
[HTTP] --> GET /wd/hub/session/48625dab-e6e6-45fe-8d5f-3392b1125fd7 {}
[HTTP] <-- GET /wd/hub/session/48625dab-e6e6-45fe-8d5f-3392b1125fd7 200 2 ms - 1190 
[HTTP] --> GET /wd/hub/session/48625dab-e6e6-45fe-8d5f-3392b1125fd7 {}
[HTTP] <-- GET /wd/hub/session/48625dab-e6e6-45fe-8d5f-3392b1125fd7 200 1 ms - 1190 
[HTTP] --> GET /wd/hub/session/48625dab-e6e6-45fe-8d5f-3392b1125fd7 {}
[HTTP] <-- GET /wd/hub/session/48625dab-e6e6-45fe-8d5f-3392b1125fd7 200 1 ms - 1190 
[HTTP] --> GET /wd/hub/session/48625dab-e6e6-45fe-8d5f-3392b1125fd7/element/16/location {}
[HTTP] <-- GET /wd/hub/session/48625dab-e6e6-45fe-8d5f-3392b1125fd7/element/16/location 200 42 ms - 88 
[HTTP] --> POST /wd/hub/session/48625dab-e6e6-45fe-8d5f-3392b1125fd7/element/16/clear {"id":"16"}
[HTTP] <-- POST /wd/hub/session/48625dab-e6e6-45fe-8d5f-3392b1125fd7/element/16/clear 200 5475 ms - 76 
[HTTP] --> POST /wd/hub/session/48625dab-e6e6-45fe-8d5f-3392b1125fd7/element/16/value {"id":"16","value":["Chathuranga"]}
[HTTP] <-- POST /wd/hub/session/48625dab-e6e6-45fe-8d5f-3392b1125fd7/element/16/value 200 6248 ms - 76 
[HTTP] --> GET /wd/hub/session/48625dab-e6e6-45fe-8d5f-3392b1125fd7/context {}
[HTTP] <-- GET /wd/hub/session/48625dab-e6e6-45fe-8d5f-3392b1125fd7/context 200 2 ms - 84 
[HTTP] --> GET /wd/hub/session/48625dab-e6e6-45fe-8d5f-3392b1125fd7/contexts {}
[HTTP] <-- GET /wd/hub/session/48625dab-e6e6-45fe-8d5f-3392b1125fd7/contexts 200 149 ms - 86 
[HTTP] --> POST /wd/hub/session/48625dab-e6e6-45fe-8d5f-3392b1125fd7/context {"name":"NATIVE_APP"}
[HTTP] <-- POST /wd/hub/session/48625dab-e6e6-45fe-8d5f-3392b1125fd7/context 200 121 ms - 76 
[HTTP] --> POST /wd/hub/session/48625dab-e6e6-45fe-8d5f-3392b1125fd7/appium/device/hide_keyboard {}
[HTTP] <-- POST /wd/hub/session/48625dab-e6e6-45fe-8d5f-3392b1125fd7/appium/device/hide_keyboard 200 298 ms - 76 
[HTTP] --> POST /wd/hub/session/48625dab-e6e6-45fe-8d5f-3392b1125fd7/context {"name":"NATIVE_APP"}
[HTTP] <-- POST /wd/hub/session/48625dab-e6e6-45fe-8d5f-3392b1125fd7/context 200 120 ms - 76 
[HTTP] --> GET /wd/hub/session/48625dab-e6e6-45fe-8d5f-3392b1125fd7/window/current/size {}
[HTTP] <-- GET /wd/hub/session/48625dab-e6e6-45fe-8d5f-3392b1125fd7/window/current/size 200 7 ms - 99 
[HTTP] --> POST /wd/hub/session/48625dab-e6e6-45fe-8d5f-3392b1125fd7/elements {"using":"-android uiautomator","value":"new UiSelector().className(\"android.view.ViewGroup\").instance(11)"}
[HTTP] <-- POST /wd/hub/session/48625dab-e6e6-45fe-8d5f-3392b1125fd7/elements 200 86 ms - 90 
[HTTP] --> GET /wd/hub/session/48625dab-e6e6-45fe-8d5f-3392b1125fd7 {}
[HTTP] <-- GET /wd/hub/session/48625dab-e6e6-45fe-8d5f-3392b1125fd7 200 2 ms - 1190 
[HTTP] --> GET /wd/hub/session/48625dab-e6e6-45fe-8d5f-3392b1125fd7 {}
[HTTP] <-- GET /wd/hub/session/48625dab-e6e6-45fe-8d5f-3392b1125fd7 200 2 ms - 1190 
[HTTP] --> GET /wd/hub/session/48625dab-e6e6-45fe-8d5f-3392b1125fd7 {}
[HTTP] <-- GET /wd/hub/session/48625dab-e6e6-45fe-8d5f-3392b1125fd7 200 1 ms - 1190 
[HTTP] --> GET /wd/hub/session/48625dab-e6e6-45fe-8d5f-3392b1125fd7 {}
[HTTP] <-- GET /wd/hub/session/48625dab-e6e6-45fe-8d5f-3392b1125fd7 200 2 ms - 1190 
[HTTP] --> GET /wd/hub/session/48625dab-e6e6-45fe-8d5f-3392b1125fd7/element/17/location {}
[HTTP] <-- GET /wd/hub/session/48625dab-e6e6-45fe-8d5f-3392b1125fd7/element/17/location 200 21 ms - 88 
[HTTP] --> POST /wd/hub/session/48625dab-e6e6-45fe-8d5f-3392b1125fd7/element/17/clear {"id":"17"}
[HTTP] <-- POST /wd/hub/session/48625dab-e6e6-45fe-8d5f-3392b1125fd7/element/17/clear 200 5497 ms - 76 
[HTTP] --> POST /wd/hub/session/48625dab-e6e6-45fe-8d5f-3392b1125fd7/element/17/value {"id":"17","value":["pasinducs@gmail.com"]}
[HTTP] <-- POST /wd/hub/session/48625dab-e6e6-45fe-8d5f-3392b1125fd7/element/17/value 200 6474 ms - 76 
[HTTP] --> GET /wd/hub/session/48625dab-e6e6-45fe-8d5f-3392b1125fd7/context {}
[HTTP] <-- GET /wd/hub/session/48625dab-e6e6-45fe-8d5f-3392b1125fd7/context 200 2 ms - 84 
[HTTP] --> GET /wd/hub/session/48625dab-e6e6-45fe-8d5f-3392b1125fd7/contexts {}
[HTTP] <-- GET /wd/hub/session/48625dab-e6e6-45fe-8d5f-3392b1125fd7/contexts 200 145 ms - 86 
[HTTP] --> POST /wd/hub/session/48625dab-e6e6-45fe-8d5f-3392b1125fd7/context {"name":"NATIVE_APP"}
[HTTP] <-- POST /wd/hub/session/48625dab-e6e6-45fe-8d5f-3392b1125fd7/context 200 117 ms - 76 
[HTTP] --> POST /wd/hub/session/48625dab-e6e6-45fe-8d5f-3392b1125fd7/appium/device/hide_keyboard {}
[HTTP] <-- POST /wd/hub/session/48625dab-e6e6-45fe-8d5f-3392b1125fd7/appium/device/hide_keyboard 200 357 ms - 76 
[HTTP] --> POST /wd/hub/session/48625dab-e6e6-45fe-8d5f-3392b1125fd7/context {"name":"NATIVE_APP"}
[HTTP] <-- POST /wd/hub/session/48625dab-e6e6-45fe-8d5f-3392b1125fd7/context 200 106 ms - 76 
[HTTP] --> GET /wd/hub/session/48625dab-e6e6-45fe-8d5f-3392b1125fd7/window/current/size {}
[HTTP] <-- GET /wd/hub/session/48625dab-e6e6-45fe-8d5f-3392b1125fd7/window/current/size 200 5 ms - 99 
[HTTP] --> POST /wd/hub/session/48625dab-e6e6-45fe-8d5f-3392b1125fd7/elements {"using":"-android uiautomator","value":"new UiSelector().className(\"android.view.ViewGroup\").instance(15)"}
[HTTP] <-- POST /wd/hub/session/48625dab-e6e6-45fe-8d5f-3392b1125fd7/elements 200 60 ms - 90 
[HTTP] --> GET /wd/hub/session/48625dab-e6e6-45fe-8d5f-3392b1125fd7 {}
[HTTP] <-- GET /wd/hub/session/48625dab-e6e6-45fe-8d5f-3392b1125fd7 200 2 ms - 1190 
[HTTP] --> GET /wd/hub/session/48625dab-e6e6-45fe-8d5f-3392b1125fd7 {}
[HTTP] <-- GET /wd/hub/session/48625dab-e6e6-45fe-8d5f-3392b1125fd7 200 2 ms - 1190 
[HTTP] --> GET /wd/hub/session/48625dab-e6e6-45fe-8d5f-3392b1125fd7 {}
[HTTP] <-- GET /wd/hub/session/48625dab-e6e6-45fe-8d5f-3392b1125fd7 200 2 ms - 1190 
[HTTP] --> GET /wd/hub/session/48625dab-e6e6-45fe-8d5f-3392b1125fd7 {}
[HTTP] <-- GET /wd/hub/session/48625dab-e6e6-45fe-8d5f-3392b1125fd7 200 2 ms - 1190 
[HTTP] --> GET /wd/hub/session/48625dab-e6e6-45fe-8d5f-3392b1125fd7/element/18/location {}
[HTTP] <-- GET /wd/hub/session/48625dab-e6e6-45fe-8d5f-3392b1125fd7/element/18/location 200 23 ms - 88 
[HTTP] --> POST /wd/hub/session/48625dab-e6e6-45fe-8d5f-3392b1125fd7/element/18/clear {"id":"18"}
[HTTP] <-- POST /wd/hub/session/48625dab-e6e6-45fe-8d5f-3392b1125fd7/element/18/clear 200 5454 ms - 76 
[HTTP] --> POST /wd/hub/session/48625dab-e6e6-45fe-8d5f-3392b1125fd7/element/18/value {"id":"18","value":["Aa1"]}
[HTTP] <-- POST /wd/hub/session/48625dab-e6e6-45fe-8d5f-3392b1125fd7/element/18/value 200 5912 ms - 76 
[HTTP] --> GET /wd/hub/session/48625dab-e6e6-45fe-8d5f-3392b1125fd7/context {}
[HTTP] <-- GET /wd/hub/session/48625dab-e6e6-45fe-8d5f-3392b1125fd7/context 200 3 ms - 84 
[HTTP] --> GET /wd/hub/session/48625dab-e6e6-45fe-8d5f-3392b1125fd7/contexts {}
[HTTP] <-- GET /wd/hub/session/48625dab-e6e6-45fe-8d5f-3392b1125fd7/contexts 200 150 ms - 86 
[HTTP] --> POST /wd/hub/session/48625dab-e6e6-45fe-8d5f-3392b1125fd7/context {"name":"NATIVE_APP"}
[HTTP] <-- POST /wd/hub/session/48625dab-e6e6-45fe-8d5f-3392b1125fd7/context 200 117 ms - 76 
[HTTP] --> POST /wd/hub/session/48625dab-e6e6-45fe-8d5f-3392b1125fd7/appium/device/hide_keyboard {}
[HTTP] <-- POST /wd/hub/session/48625dab-e6e6-45fe-8d5f-3392b1125fd7/appium/device/hide_keyboard 200 396 ms - 76 
[HTTP] --> POST /wd/hub/session/48625dab-e6e6-45fe-8d5f-3392b1125fd7/context {"name":"NATIVE_APP"}
[HTTP] <-- POST /wd/hub/session/48625dab-e6e6-45fe-8d5f-3392b1125fd7/context 200 165 ms - 76 
[HTTP] --> GET /wd/hub/session/48625dab-e6e6-45fe-8d5f-3392b1125fd7/window/current/size {}
[HTTP] <-- GET /wd/hub/session/48625dab-e6e6-45fe-8d5f-3392b1125fd7/window/current/size 200 7 ms - 99 
[HTTP] --> POST /wd/hub/session/48625dab-e6e6-45fe-8d5f-3392b1125fd7/elements {"using":"-android uiautomator","value":"new UiSelector().className(\"android.view.ViewGroup\").instance(18)"}
[HTTP] <-- POST /wd/hub/session/48625dab-e6e6-45fe-8d5f-3392b1125fd7/elements 200 96 ms - 90 
[HTTP] --> GET /wd/hub/session/48625dab-e6e6-45fe-8d5f-3392b1125fd7 {}
[HTTP] <-- GET /wd/hub/session/48625dab-e6e6-45fe-8d5f-3392b1125fd7 200 2 ms - 1190 
[HTTP] --> GET /wd/hub/session/48625dab-e6e6-45fe-8d5f-3392b1125fd7 {}
[HTTP] <-- GET /wd/hub/session/48625dab-e6e6-45fe-8d5f-3392b1125fd7 200 3 ms - 1190 
[HTTP] --> GET /wd/hub/session/48625dab-e6e6-45fe-8d5f-3392b1125fd7 {}
[HTTP] <-- GET /wd/hub/session/48625dab-e6e6-45fe-8d5f-3392b1125fd7 200 2 ms - 1190 
[HTTP] --> GET /wd/hub/session/48625dab-e6e6-45fe-8d5f-3392b1125fd7 {}
[HTTP] <-- GET /wd/hub/session/48625dab-e6e6-45fe-8d5f-3392b1125fd7 200 1 ms - 1190 
[HTTP] --> GET /wd/hub/session/48625dab-e6e6-45fe-8d5f-3392b1125fd7/element/19/location {}
[HTTP] <-- GET /wd/hub/session/48625dab-e6e6-45fe-8d5f-3392b1125fd7/element/19/location 200 50 ms - 88 
[HTTP] --> POST /wd/hub/session/48625dab-e6e6-45fe-8d5f-3392b1125fd7/element/19/clear {"id":"19"}
[HTTP] <-- POST /wd/hub/session/48625dab-e6e6-45fe-8d5f-3392b1125fd7/element/19/clear 200 5547 ms - 76 
[HTTP] --> POST /wd/hub/session/48625dab-e6e6-45fe-8d5f-3392b1125fd7/element/19/value {"id":"19","value":["Aa1"]}
[HTTP] <-- POST /wd/hub/session/48625dab-e6e6-45fe-8d5f-3392b1125fd7/element/19/value 200 5998 ms - 76 
[HTTP] --> GET /wd/hub/session/48625dab-e6e6-45fe-8d5f-3392b1125fd7/context {}
[HTTP] <-- GET /wd/hub/session/48625dab-e6e6-45fe-8d5f-3392b1125fd7/context 200 2 ms - 84 
[HTTP] --> GET /wd/hub/session/48625dab-e6e6-45fe-8d5f-3392b1125fd7/contexts {}
[HTTP] <-- GET /wd/hub/session/48625dab-e6e6-45fe-8d5f-3392b1125fd7/contexts 200 424 ms - 86 
[HTTP] --> POST /wd/hub/session/48625dab-e6e6-45fe-8d5f-3392b1125fd7/context {"name":"NATIVE_APP"}
[HTTP] <-- POST /wd/hub/session/48625dab-e6e6-45fe-8d5f-3392b1125fd7/context 200 1156 ms - 76 
[HTTP] --> POST /wd/hub/session/48625dab-e6e6-45fe-8d5f-3392b1125fd7/appium/device/hide_keyboard {}
[HTTP] <-- POST /wd/hub/session/48625dab-e6e6-45fe-8d5f-3392b1125fd7/appium/device/hide_keyboard 200 230 ms - 76 
[HTTP] --> POST /wd/hub/session/48625dab-e6e6-45fe-8d5f-3392b1125fd7/context {"name":"NATIVE_APP"}
[HTTP] <-- POST /wd/hub/session/48625dab-e6e6-45fe-8d5f-3392b1125fd7/context 200 119 ms - 76 
[HTTP] --> GET /wd/hub/session/48625dab-e6e6-45fe-8d5f-3392b1125fd7/window/current/size {}
[HTTP] <-- GET /wd/hub/session/48625dab-e6e6-45fe-8d5f-3392b1125fd7/window/current/size 200 7 ms - 99 
[HTTP] --> POST /wd/hub/session/48625dab-e6e6-45fe-8d5f-3392b1125fd7/elements {"using":"-android uiautomator","value":"new UiSelector().className(\"android.view.ViewGroup\").instance(21)"}
[HTTP] <-- POST /wd/hub/session/48625dab-e6e6-45fe-8d5f-3392b1125fd7/elements 200 95 ms - 90 
[HTTP] --> GET /wd/hub/session/48625dab-e6e6-45fe-8d5f-3392b1125fd7 {}
[HTTP] <-- GET /wd/hub/session/48625dab-e6e6-45fe-8d5f-3392b1125fd7 200 2 ms - 1190 
[HTTP] --> GET /wd/hub/session/48625dab-e6e6-45fe-8d5f-3392b1125fd7 {}
[HTTP] <-- GET /wd/hub/session/48625dab-e6e6-45fe-8d5f-3392b1125fd7 200 2 ms - 1190 
[HTTP] --> GET /wd/hub/session/48625dab-e6e6-45fe-8d5f-3392b1125fd7 {}
[HTTP] <-- GET /wd/hub/session/48625dab-e6e6-45fe-8d5f-3392b1125fd7 200 3 ms - 1190 
[HTTP] --> GET /wd/hub/session/48625dab-e6e6-45fe-8d5f-3392b1125fd7 {}
[HTTP] <-- GET /wd/hub/session/48625dab-e6e6-45fe-8d5f-3392b1125fd7 200 2 ms - 1190 
[HTTP] --> GET /wd/hub/session/48625dab-e6e6-45fe-8d5f-3392b1125fd7/element/20/location {}
[HTTP] <-- GET /wd/hub/session/48625dab-e6e6-45fe-8d5f-3392b1125fd7/element/20/location 200 47 ms - 89 
[HTTP] --> POST /wd/hub/session/48625dab-e6e6-45fe-8d5f-3392b1125fd7/touch/perform {"actions":[{"action":"tap","options":{"element":"20","x":1,"y":1}}]}
[HTTP] <-- POST /wd/hub/session/48625dab-e6e6-45fe-8d5f-3392b1125fd7/touch/perform 200 342 ms - 76 
[HTTP] --> GET /wd/hub/session/48625dab-e6e6-45fe-8d5f-3392b1125fd7/window/current/size {}
[HTTP] <-- GET /wd/hub/session/48625dab-e6e6-45fe-8d5f-3392b1125fd7/window/current/size 200 10 ms - 99 
[HTTP] --> POST /wd/hub/session/48625dab-e6e6-45fe-8d5f-3392b1125fd7/elements {"using":"-android uiautomator","value":"new UiSelector().className(\"android.view.ViewGroup\").instance(21)"}
[HTTP] <-- POST /wd/hub/session/48625dab-e6e6-45fe-8d5f-3392b1125fd7/elements 200 551 ms - 90 
[HTTP] --> GET /wd/hub/session/48625dab-e6e6-45fe-8d5f-3392b1125fd7 {}
[HTTP] <-- GET /wd/hub/session/48625dab-e6e6-45fe-8d5f-3392b1125fd7 200 2 ms - 1190 
[HTTP] --> GET /wd/hub/session/48625dab-e6e6-45fe-8d5f-3392b1125fd7 {}
[HTTP] <-- GET /wd/hub/session/48625dab-e6e6-45fe-8d5f-3392b1125fd7 200 1 ms - 1190 
[HTTP] --> GET /wd/hub/session/48625dab-e6e6-45fe-8d5f-3392b1125fd7 {}
[HTTP] <-- GET /wd/hub/session/48625dab-e6e6-45fe-8d5f-3392b1125fd7 200 1 ms - 1190 
[HTTP] --> GET /wd/hub/session/48625dab-e6e6-45fe-8d5f-3392b1125fd7 {}
[HTTP] <-- GET /wd/hub/session/48625dab-e6e6-45fe-8d5f-3392b1125fd7 200 1 ms - 1190 
[HTTP] --> GET /wd/hub/session/48625dab-e6e6-45fe-8d5f-3392b1125fd7/element/21/location {}
[HTTP] <-- GET /wd/hub/session/48625dab-e6e6-45fe-8d5f-3392b1125fd7/element/21/location 200 29 ms - 89 
[HTTP] --> POST /wd/hub/session/48625dab-e6e6-45fe-8d5f-3392b1125fd7/touch/perform {"actions":[{"action":"tap","options":{"element":"21","x":1,"y":1}}]}
[HTTP] <-- POST /wd/hub/session/48625dab-e6e6-45fe-8d5f-3392b1125fd7/touch/perform 200 231 ms - 76 
[HTTP] --> GET /wd/hub/session/48625dab-e6e6-45fe-8d5f-3392b1125fd7/window/current/size {}
[HTTP] <-- GET /wd/hub/session/48625dab-e6e6-45fe-8d5f-3392b1125fd7/window/current/size 200 5 ms - 99 
[HTTP] --> POST /wd/hub/session/48625dab-e6e6-45fe-8d5f-3392b1125fd7/elements {"using":"-android uiautomator","value":"new UiSelector().className(\"android.view.ViewGroup\").instance(8)"}
[HTTP] <-- POST /wd/hub/session/48625dab-e6e6-45fe-8d5f-3392b1125fd7/elements 200 62 ms - 90 
[HTTP] --> GET /wd/hub/session/48625dab-e6e6-45fe-8d5f-3392b1125fd7 {}
[HTTP] <-- GET /wd/hub/session/48625dab-e6e6-45fe-8d5f-3392b1125fd7 200 1 ms - 1190 
[HTTP] --> GET /wd/hub/session/48625dab-e6e6-45fe-8d5f-3392b1125fd7 {}
[HTTP] <-- GET /wd/hub/session/48625dab-e6e6-45fe-8d5f-3392b1125fd7 200 1 ms - 1190 
[HTTP] --> GET /wd/hub/session/48625dab-e6e6-45fe-8d5f-3392b1125fd7 {}
[HTTP] <-- GET /wd/hub/session/48625dab-e6e6-45fe-8d5f-3392b1125fd7 200 1 ms - 1190 
[HTTP] --> GET /wd/hub/session/48625dab-e6e6-45fe-8d5f-3392b1125fd7 {}
[HTTP] <-- GET /wd/hub/session/48625dab-e6e6-45fe-8d5f-3392b1125fd7 200 2 ms - 1190 
[HTTP] --> GET /wd/hub/session/48625dab-e6e6-45fe-8d5f-3392b1125fd7/element/22/location {}
[HTTP] <-- GET /wd/hub/session/48625dab-e6e6-45fe-8d5f-3392b1125fd7/element/22/location 200 30 ms - 90 
[HTTP] --> POST /wd/hub/session/48625dab-e6e6-45fe-8d5f-3392b1125fd7/touch/perform {"actions":[{"action":"tap","options":{"element":"22","x":1,"y":1}}]}
[HTTP] <-- POST /wd/hub/session/48625dab-e6e6-45fe-8d5f-3392b1125fd7/touch/perform 200 324 ms - 76 
[HTTP] --> GET /wd/hub/session/48625dab-e6e6-45fe-8d5f-3392b1125fd7/window/current/size {}
[HTTP] <-- GET /wd/hub/session/48625dab-e6e6-45fe-8d5f-3392b1125fd7/window/current/size 200 5 ms - 99 
[HTTP] --> POST /wd/hub/session/48625dab-e6e6-45fe-8d5f-3392b1125fd7/elements {"using":"-android uiautomator","value":"new UiSelector().className(\"android.view.ViewGroup\").instance(22)"}
[HTTP] <-- POST /wd/hub/session/48625dab-e6e6-45fe-8d5f-3392b1125fd7/elements 200 642 ms - 90 
[HTTP] --> GET /wd/hub/session/48625dab-e6e6-45fe-8d5f-3392b1125fd7 {}
[HTTP] <-- GET /wd/hub/session/48625dab-e6e6-45fe-8d5f-3392b1125fd7 200 1 ms - 1190 
[HTTP] --> GET /wd/hub/session/48625dab-e6e6-45fe-8d5f-3392b1125fd7 {}
[HTTP] <-- GET /wd/hub/session/48625dab-e6e6-45fe-8d5f-3392b1125fd7 200 1 ms - 1190 
[HTTP] --> GET /wd/hub/session/48625dab-e6e6-45fe-8d5f-3392b1125fd7 {}
[HTTP] <-- GET /wd/hub/session/48625dab-e6e6-45fe-8d5f-3392b1125fd7 200 1 ms - 1190 
[HTTP] --> GET /wd/hub/session/48625dab-e6e6-45fe-8d5f-3392b1125fd7 {}
[HTTP] <-- GET /wd/hub/session/48625dab-e6e6-45fe-8d5f-3392b1125fd7 200 1 ms - 1190 
[HTTP] --> GET /wd/hub/session/48625dab-e6e6-45fe-8d5f-3392b1125fd7/element/23/location {}
[HTTP] <-- GET /wd/hub/session/48625dab-e6e6-45fe-8d5f-3392b1125fd7/element/23/location 200 25 ms - 90 
[HTTP] --> POST /wd/hub/session/48625dab-e6e6-45fe-8d5f-3392b1125fd7/touch/perform {"actions":[{"action":"tap","options":{"element":"23","x":1,"y":1}}]}
[HTTP] <-- POST /wd/hub/session/48625dab-e6e6-45fe-8d5f-3392b1125fd7/touch/perform 200 295 ms - 76 
[HTTP] --> GET /wd/hub/session/48625dab-e6e6-45fe-8d5f-3392b1125fd7/window/current/size {}
[HTTP] <-- GET /wd/hub/session/48625dab-e6e6-45fe-8d5f-3392b1125fd7/window/current/size 200 8 ms - 99 
[HTTP] --> POST /wd/hub/session/48625dab-e6e6-45fe-8d5f-3392b1125fd7/elements {"using":"-android uiautomator","value":"new UiSelector().className(\"android.view.ViewGroup\").instance(5)"}
[HTTP] <-- POST /wd/hub/session/48625dab-e6e6-45fe-8d5f-3392b1125fd7/elements 200 43 ms - 90 
[HTTP] --> GET /wd/hub/session/48625dab-e6e6-45fe-8d5f-3392b1125fd7 {}
[HTTP] <-- GET /wd/hub/session/48625dab-e6e6-45fe-8d5f-3392b1125fd7 200 1 ms - 1190 
[HTTP] --> GET /wd/hub/session/48625dab-e6e6-45fe-8d5f-3392b1125fd7 {}
[HTTP] <-- GET /wd/hub/session/48625dab-e6e6-45fe-8d5f-3392b1125fd7 200 1 ms - 1190 
[HTTP] --> GET /wd/hub/session/48625dab-e6e6-45fe-8d5f-3392b1125fd7 {}
[HTTP] <-- GET /wd/hub/session/48625dab-e6e6-45fe-8d5f-3392b1125fd7 200 2 ms - 1190 
[HTTP] --> GET /wd/hub/session/48625dab-e6e6-45fe-8d5f-3392b1125fd7 {}
[HTTP] <-- GET /wd/hub/session/48625dab-e6e6-45fe-8d5f-3392b1125fd7 200 1 ms - 1190 
[HTTP] --> GET /wd/hub/session/48625dab-e6e6-45fe-8d5f-3392b1125fd7/element/24/location {}
[HTTP] <-- GET /wd/hub/session/48625dab-e6e6-45fe-8d5f-3392b1125fd7/element/24/location 200 18 ms - 88 
[HTTP] --> POST /wd/hub/session/48625dab-e6e6-45fe-8d5f-3392b1125fd7/touch/perform {"actions":[{"action":"tap","options":{"element":"24","x":1,"y":1}}]}
[HTTP] <-- POST /wd/hub/session/48625dab-e6e6-45fe-8d5f-3392b1125fd7/touch/perform 200 156 ms - 76 
[HTTP] --> GET /wd/hub/session/48625dab-e6e6-45fe-8d5f-3392b1125fd7/window/current/size {}
[HTTP] <-- GET /wd/hub/session/48625dab-e6e6-45fe-8d5f-3392b1125fd7/window/current/size 200 6 ms - 99 
[HTTP] --> POST /wd/hub/session/48625dab-e6e6-45fe-8d5f-3392b1125fd7/elements {"using":"-android uiautomator","value":"new UiSelector().className(\"android.view.ViewGroup\").instance(7)"}
[HTTP] <-- POST /wd/hub/session/48625dab-e6e6-45fe-8d5f-3392b1125fd7/elements 200 882 ms - 90 
[HTTP] --> GET /wd/hub/session/48625dab-e6e6-45fe-8d5f-3392b1125fd7 {}
[HTTP] <-- GET /wd/hub/session/48625dab-e6e6-45fe-8d5f-3392b1125fd7 200 2 ms - 1190 
[HTTP] --> GET /wd/hub/session/48625dab-e6e6-45fe-8d5f-3392b1125fd7 {}
[HTTP] <-- GET /wd/hub/session/48625dab-e6e6-45fe-8d5f-3392b1125fd7 200 1 ms - 1190 
[HTTP] --> GET /wd/hub/session/48625dab-e6e6-45fe-8d5f-3392b1125fd7 {}
[HTTP] <-- GET /wd/hub/session/48625dab-e6e6-45fe-8d5f-3392b1125fd7 200 1 ms - 1190 
[HTTP] --> GET /wd/hub/session/48625dab-e6e6-45fe-8d5f-3392b1125fd7 {}
[HTTP] <-- GET /wd/hub/session/48625dab-e6e6-45fe-8d5f-3392b1125fd7 200 1 ms - 1190 
[HTTP] --> GET /wd/hub/session/48625dab-e6e6-45fe-8d5f-3392b1125fd7/element/25/location {}
[HTTP] <-- GET /wd/hub/session/48625dab-e6e6-45fe-8d5f-3392b1125fd7/element/25/location 200 22 ms - 88 
[HTTP] --> POST /wd/hub/session/48625dab-e6e6-45fe-8d5f-3392b1125fd7/touch/perform {"actions":[{"action":"tap","options":{"element":"25","x":1,"y":1}}]}
[HTTP] <-- POST /wd/hub/session/48625dab-e6e6-45fe-8d5f-3392b1125fd7/touch/perform 200 260 ms - 76 
[HTTP] --> GET /wd/hub/session/48625dab-e6e6-45fe-8d5f-3392b1125fd7/window/current/size {}
[HTTP] <-- GET /wd/hub/session/48625dab-e6e6-45fe-8d5f-3392b1125fd7/window/current/size 200 5 ms - 99 
[HTTP] --> POST /wd/hub/session/48625dab-e6e6-45fe-8d5f-3392b1125fd7/elements {"using":"-android uiautomator","value":"new UiSelector().className(\"android.view.ViewGroup\").instance(6)"}
[HTTP] <-- POST /wd/hub/session/48625dab-e6e6-45fe-8d5f-3392b1125fd7/elements 200 2703 ms - 90 
[HTTP] --> GET /wd/hub/session/48625dab-e6e6-45fe-8d5f-3392b1125fd7 {}
[HTTP] <-- GET /wd/hub/session/48625dab-e6e6-45fe-8d5f-3392b1125fd7 200 1 ms - 1190 
[HTTP] --> GET /wd/hub/session/48625dab-e6e6-45fe-8d5f-3392b1125fd7 {}
[HTTP] <-- GET /wd/hub/session/48625dab-e6e6-45fe-8d5f-3392b1125fd7 200 2 ms - 1190 
[HTTP] --> GET /wd/hub/session/48625dab-e6e6-45fe-8d5f-3392b1125fd7 {}
[HTTP] <-- GET /wd/hub/session/48625dab-e6e6-45fe-8d5f-3392b1125fd7 200 1 ms - 1190 
[HTTP] --> GET /wd/hub/session/48625dab-e6e6-45fe-8d5f-3392b1125fd7 {}
[HTTP] <-- GET /wd/hub/session/48625dab-e6e6-45fe-8d5f-3392b1125fd7 200 1 ms - 1190 
[HTTP] --> GET /wd/hub/session/48625dab-e6e6-45fe-8d5f-3392b1125fd7/element/26/location {}
[HTTP] <-- GET /wd/hub/session/48625dab-e6e6-45fe-8d5f-3392b1125fd7/element/26/location 200 30 ms - 88 
[HTTP] --> POST /wd/hub/session/48625dab-e6e6-45fe-8d5f-3392b1125fd7/touch/perform {"actions":[{"action":"tap","options":{"element":"26","x":1,"y":1}}]}
[HTTP] <-- POST /wd/hub/session/48625dab-e6e6-45fe-8d5f-3392b1125fd7/touch/perform 200 399 ms - 76 
[HTTP] --> GET /wd/hub/session/48625dab-e6e6-45fe-8d5f-3392b1125fd7/window/current/size {}
[HTTP] <-- GET /wd/hub/session/48625dab-e6e6-45fe-8d5f-3392b1125fd7/window/current/size 200 6 ms - 99 
[HTTP] --> POST /wd/hub/session/48625dab-e6e6-45fe-8d5f-3392b1125fd7/elements {"using":"-android uiautomator","value":"new UiSelector().className(\"android.view.ViewGroup\").instance(6)"}
[HTTP] <-- POST /wd/hub/session/48625dab-e6e6-45fe-8d5f-3392b1125fd7/elements 200 823 ms - 90 
[HTTP] --> GET /wd/hub/session/48625dab-e6e6-45fe-8d5f-3392b1125fd7 {}
[HTTP] <-- GET /wd/hub/session/48625dab-e6e6-45fe-8d5f-3392b1125fd7 200 1 ms - 1190 
[HTTP] --> GET /wd/hub/session/48625dab-e6e6-45fe-8d5f-3392b1125fd7 {}
[HTTP] <-- GET /wd/hub/session/48625dab-e6e6-45fe-8d5f-3392b1125fd7 200 1 ms - 1190 
[HTTP] --> GET /wd/hub/session/48625dab-e6e6-45fe-8d5f-3392b1125fd7 {}
[HTTP] <-- GET /wd/hub/session/48625dab-e6e6-45fe-8d5f-3392b1125fd7 200 1 ms - 1190 
[HTTP] --> GET /wd/hub/session/48625dab-e6e6-45fe-8d5f-3392b1125fd7 {}
[HTTP] <-- GET /wd/hub/session/48625dab-e6e6-45fe-8d5f-3392b1125fd7 200 2 ms - 1190 
[HTTP] --> GET /wd/hub/session/48625dab-e6e6-45fe-8d5f-3392b1125fd7/element/27/location {}
[HTTP] <-- GET /wd/hub/session/48625dab-e6e6-45fe-8d5f-3392b1125fd7/element/27/location 200 50 ms - 88 
[HTTP] --> GET /wd/hub/session/48625dab-e6e6-45fe-8d5f-3392b1125fd7/element/27/attribute/checked {}
[HTTP] <-- GET /wd/hub/session/48625dab-e6e6-45fe-8d5f-3392b1125fd7/element/27/attribute/checked 200 63 ms - 79 
[HTTP] --> POST /wd/hub/session/48625dab-e6e6-45fe-8d5f-3392b1125fd7/touch/perform {"actions":[{"action":"tap","options":{"element":"27","x":1,"y":1}}]}
[HTTP] <-- POST /wd/hub/session/48625dab-e6e6-45fe-8d5f-3392b1125fd7/touch/perform 200 310 ms - 76 
[HTTP] --> GET /wd/hub/status {}
[HTTP] <-- GET /wd/hub/status 200 3 ms - 83 
[HTTP] --> POST /wd/hub/session {"desiredCapabilities":{"app":"C:\\Users\\Pasindu\\Desktop\\Avonet\\drive-download-20180104T074633Z-001\\app-passenger.apk","autoGrantPermissions":true,"deviceName":"samsung SM-G570F 6.0.1","fullReset":true,"newCommandTimeout":1800,"noReset":false,"platform":"ANDROID","platformName":"Android","udid":"421041ecd284741f"},"capabilities":{"desiredCapabilities":{"app":"C:\\Users\\Pasindu\\Desktop\\Avonet\\drive-download-20180104T074633Z-001\\app-passenger.apk","autoGrantPermissions":true,"deviceName":"samsung SM-G570F 6.0.1","fullReset":true,"newCommandTimeout":1800,"noReset":false,"platform":"ANDROID","platformName":"Android","udid":"421041ecd284741f"},"firstMatch":[{"platformName":"android"}]}}
[Appium] Merged W3C capabilities {"desiredCapabilities":{"app":"C:\\Users\\Pasin... into desiredCapabilities object {"app":"C:\\Users\\Pasindu\\Desktop\\Avonet\\dr...
[Appium] Creating new AndroidDriver (v1.37.0) session
[Appium] Capabilities:
[Appium]   app: C:\Users\Pasindu\Desktop\Avonet\drive-download-20180104T074633Z-001\app-passenger.apk
[Appium]   autoGrantPermissions: true
[Appium]   deviceName: samsung SM-G570F 6.0.1
[Appium]   fullReset: true
[Appium]   newCommandTimeout: 1800
[Appium]   noReset: false
[Appium]   platform: ANDROID
[Appium]   platformName: android
[Appium]   udid: 421041ecd284741f
[BaseDriver] The following capabilities were provided, but are not recognized by appium: platform.
[BaseDriver] Session created with session id: fdca39a5-76c8-4c51-9b52-e6dd197b93c2
[AndroidDriver] Java version is: 1.8.0_102
[ADB] Checking whether adb is present
[AndroidDriver] Retrieving device list
[AndroidDriver] Using device: 421041ecd284741f
[ADB] Checking whether adb is present
[BaseDriver] Using local app 'C:\Users\Pasindu\Desktop\Avonet\drive-download-20180104T074633Z-001\app-passenger.apk'
[AndroidDriver] Starting Android session
[AndroidDriver] setDeviceLanguageCountry requires language or country.
[AndroidDriver] Got language: 'null' and country: 'null'
[ADB] Checking whether aapt is present
[ADB] Checking whether aapt is present
[ADB] Getting device platform version
[ADB] Checking whether aapt is present
[ADB] Extracting package and launch activity from manifest
[ADB] net.theavo.bcon.passenger was successfully uninstalled
[AndroidDriver] Remote apk path is /data/local/tmp/872f6dd04647cb9003991e6ecf0c62d8.apk
[AndroidDriver] Apk is not yet installed
[AndroidDriver] installing apk from remote
[AndroidDriver] Clearing out any existing remote apks with the same hash
[ADB] net.theavo.bcon.passenger was not uninstalled, because it was not present on the device
[ADB] Checking whether aapt is present
[ADB] Extracting package and launch activity from manifest
[Appium] Closing session, cause was 'UiAUtomator shut down unexpectedly'
[Appium] Removing session 48625dab-e6e6-45fe-8d5f-3392b1125fd7 from our master session list
[ADB] Cannot kill process 27119 in 1000 ms. Trying to force kill...
[AndroidBootstrap] Android bootstrap socket is now connected
[AndroidDriver] Screen already unlocked, doing nothing
[Appium] New AndroidDriver session created successfully, session fdca39a5-76c8-4c51-9b52-e6dd197b93c2 added to master session list
[HTTP] <-- POST /wd/hub/session 200 88306 ms - 1190 
[HTTP] --> GET /wd/hub/status {}
[HTTP] <-- GET /wd/hub/status 200 3 ms - 83 
[HTTP] --> POST /wd/hub/session/fdca39a5-76c8-4c51-9b52-e6dd197b93c2/timeouts {"type":"implicit","ms":30000}
[HTTP] <-- POST /wd/hub/session/fdca39a5-76c8-4c51-9b52-e6dd197b93c2/timeouts 200 2 ms - 76 
[HTTP] --> GET /wd/hub/session/fdca39a5-76c8-4c51-9b52-e6dd197b93c2/window/current/size {}
[HTTP] <-- GET /wd/hub/session/fdca39a5-76c8-4c51-9b52-e6dd197b93c2/window/current/size 200 25 ms - 99 
[HTTP] --> POST /wd/hub/session/fdca39a5-76c8-4c51-9b52-e6dd197b93c2/elements {"using":"-android uiautomator","value":"new UiSelector().className(\"android.view.ViewGroup\").instance(7)"}
[ADB] net.theavo.bcon.passenger was successfully uninstalled
[AndroidBootstrap] Cannot shut down Android bootstrap; it has already shut down
[HTTP] <-- POST /wd/hub/session/fdca39a5-76c8-4c51-9b52-e6dd197b93c2/elements - - ms - - 
