[Appium] Welcome to Appium v1.7.2
[Appium] Non-default server args:
[Appium]   port: 57664
[Appium]   loglevel: info
[Appium]   chromeDriverPort: 57665
[Appium]   tmpDir: C:\Users\Pasindu\AppData\Local\Temp\\Katalon\Appium\Temp1515988245995
[Appium] Appium REST http interface listener started on 0.0.0.0:57664
[HTTP] --> GET /wd/hub/status {}
[HTTP] <-- GET /wd/hub/status 200 9 ms - 72 
[HTTP] --> POST /wd/hub/session {"desiredCapabilities":{"app":"C:\\Users\\Pasindu\\Desktop\\Avonet\\drive-download-20180104T074633Z-001\\app-passenger.apk","autoGrantPermissions":true,"deviceName":"samsung SM-G532G 6.0.1","fullReset":true,"newCommandTimeout":1800,"noReset":false,"platform":"ANDROID","platformName":"Android","udid":"92013592309a8469"},"capabilities":{"desiredCapabilities":{"app":"C:\\Users\\Pasindu\\Desktop\\Avonet\\drive-download-20180104T074633Z-001\\app-passenger.apk","autoGrantPermissions":true,"deviceName":"samsung SM-G532G 6.0.1","fullReset":true,"newCommandTimeout":1800,"noReset":false,"platform":"ANDROID","platformName":"Android","udid":"92013592309a8469"},"firstMatch":[{"platformName":"android"}]}}
[Appium] Merged W3C capabilities {"desiredCapabilities":{"app":"C:\\Users\\Pasin... into desiredCapabilities object {"app":"C:\\Users\\Pasindu\\Desktop\\Avonet\\dr...
[Appium] Creating new AndroidDriver (v1.37.0) session
[Appium] Capabilities:
[Appium]   app: C:\Users\Pasindu\Desktop\Avonet\drive-download-20180104T074633Z-001\app-passenger.apk
[Appium]   autoGrantPermissions: true
[Appium]   deviceName: samsung SM-G532G 6.0.1
[Appium]   fullReset: true
[Appium]   newCommandTimeout: 1800
[Appium]   noReset: false
[Appium]   platform: ANDROID
[Appium]   platformName: android
[Appium]   udid: 92013592309a8469
[BaseDriver] The following capabilities were provided, but are not recognized by appium: platform.
[BaseDriver] Session created with session id: 8d8bc99f-98c6-4c90-97ce-e66ec8ee6192
[AndroidDriver] Java version is: 1.8.0_102
[ADB] Checking whether adb is present
[ADB] Using adb.exe from C:\Users\Pasindu\.katalon\tools\android_sdk\platform-tools\adb.exe
[AndroidDriver] Retrieving device list
[AndroidDriver] Using device: 92013592309a8469
[ADB] Checking whether adb is present
[BaseDriver] Using local app 'C:\Users\Pasindu\Desktop\Avonet\drive-download-20180104T074633Z-001\app-passenger.apk'
[AndroidDriver] Starting Android session
[AndroidDriver] setDeviceLanguageCountry requires language or country.
[AndroidDriver] Got language: 'null' and country: 'null'
[ADB] Checking whether aapt is present
[ADB] Using aapt.exe from C:\Users\Pasindu\.katalon\tools\android_sdk\build-tools\27.0.3\aapt.exe
[ADB] Checking whether aapt is present
[ADB] Getting device platform version
[ADB] Checking whether aapt is present
[ADB] Extracting package and launch activity from manifest
[ADB] net.theavo.bcon.passenger was successfully uninstalled
[AndroidDriver] Remote apk path is /data/local/tmp/872f6dd04647cb9003991e6ecf0c62d8.apk
[AndroidDriver] Apk is not yet installed
[AndroidDriver] installing apk from remote
[AndroidDriver] Clearing out any existing remote apks with the same hash
[ADB] net.theavo.bcon.passenger was not uninstalled, because it was not present on the device
[ADB] Checking whether aapt is present
[ADB] Extracting package and launch activity from manifest
[ADB] No uiautomator process found to kill, continuing...
[AndroidBootstrap] Android bootstrap socket is now connected
[AndroidDriver] Screen already unlocked, doing nothing
[Appium] New AndroidDriver session created successfully, session 8d8bc99f-98c6-4c90-97ce-e66ec8ee6192 added to master session list
[HTTP] <-- POST /wd/hub/session 200 96535 ms - 1189 
[HTTP] --> GET /wd/hub/status {}
[HTTP] <-- GET /wd/hub/status 200 4 ms - 83 
[HTTP] --> POST /wd/hub/session/8d8bc99f-98c6-4c90-97ce-e66ec8ee6192/timeouts {"type":"implicit","ms":30000}
[HTTP] <-- POST /wd/hub/session/8d8bc99f-98c6-4c90-97ce-e66ec8ee6192/timeouts 200 8 ms - 76 
[HTTP] --> GET /wd/hub/session/8d8bc99f-98c6-4c90-97ce-e66ec8ee6192/window/current/size {}
[HTTP] <-- GET /wd/hub/session/8d8bc99f-98c6-4c90-97ce-e66ec8ee6192/window/current/size 200 21 ms - 98 
[HTTP] --> POST /wd/hub/session/8d8bc99f-98c6-4c90-97ce-e66ec8ee6192/elements {"using":"-android uiautomator","value":"new UiSelector().className(\"android.view.ViewGroup\").instance(7)"}
[HTTP] <-- POST /wd/hub/session/8d8bc99f-98c6-4c90-97ce-e66ec8ee6192/elements 200 5380 ms - 89 
[HTTP] --> GET /wd/hub/session/8d8bc99f-98c6-4c90-97ce-e66ec8ee6192 {}
[HTTP] <-- GET /wd/hub/session/8d8bc99f-98c6-4c90-97ce-e66ec8ee6192 200 2 ms - 1189 
[HTTP] --> GET /wd/hub/session/8d8bc99f-98c6-4c90-97ce-e66ec8ee6192 {}
[HTTP] <-- GET /wd/hub/session/8d8bc99f-98c6-4c90-97ce-e66ec8ee6192 200 2 ms - 1189 
[HTTP] --> GET /wd/hub/session/8d8bc99f-98c6-4c90-97ce-e66ec8ee6192 {}
[HTTP] <-- GET /wd/hub/session/8d8bc99f-98c6-4c90-97ce-e66ec8ee6192 200 2 ms - 1189 
[HTTP] --> GET /wd/hub/session/8d8bc99f-98c6-4c90-97ce-e66ec8ee6192 {}
[HTTP] <-- GET /wd/hub/session/8d8bc99f-98c6-4c90-97ce-e66ec8ee6192 200 2 ms - 1189 
[HTTP] --> GET /wd/hub/session/8d8bc99f-98c6-4c90-97ce-e66ec8ee6192/element/1/location {}
[HTTP] <-- GET /wd/hub/session/8d8bc99f-98c6-4c90-97ce-e66ec8ee6192/element/1/location 200 9 ms - 88 
[HTTP] --> POST /wd/hub/session/8d8bc99f-98c6-4c90-97ce-e66ec8ee6192/touch/perform {"actions":[{"action":"tap","options":{"element":"1","x":1,"y":1}}]}
[HTTP] <-- POST /wd/hub/session/8d8bc99f-98c6-4c90-97ce-e66ec8ee6192/touch/perform 200 359 ms - 76 
[HTTP] --> GET /wd/hub/session/8d8bc99f-98c6-4c90-97ce-e66ec8ee6192/window/current/size {}
[HTTP] <-- GET /wd/hub/session/8d8bc99f-98c6-4c90-97ce-e66ec8ee6192/window/current/size 200 4 ms - 98 
[HTTP] --> POST /wd/hub/session/8d8bc99f-98c6-4c90-97ce-e66ec8ee6192/elements {"using":"-android uiautomator","value":"new UiSelector().className(\"android.widget.EditText\").text(\"Mobile Number\").instance(0)"}
[HTTP] <-- POST /wd/hub/session/8d8bc99f-98c6-4c90-97ce-e66ec8ee6192/elements 200 630 ms - 89 
[HTTP] --> GET /wd/hub/session/8d8bc99f-98c6-4c90-97ce-e66ec8ee6192 {}
[HTTP] <-- GET /wd/hub/session/8d8bc99f-98c6-4c90-97ce-e66ec8ee6192 200 2 ms - 1189 
[HTTP] --> GET /wd/hub/session/8d8bc99f-98c6-4c90-97ce-e66ec8ee6192 {}
[HTTP] <-- GET /wd/hub/session/8d8bc99f-98c6-4c90-97ce-e66ec8ee6192 200 2 ms - 1189 
[HTTP] --> GET /wd/hub/session/8d8bc99f-98c6-4c90-97ce-e66ec8ee6192 {}
[HTTP] <-- GET /wd/hub/session/8d8bc99f-98c6-4c90-97ce-e66ec8ee6192 200 2 ms - 1189 
[HTTP] --> GET /wd/hub/session/8d8bc99f-98c6-4c90-97ce-e66ec8ee6192 {}
[HTTP] <-- GET /wd/hub/session/8d8bc99f-98c6-4c90-97ce-e66ec8ee6192 200 2 ms - 1189 
[HTTP] --> GET /wd/hub/session/8d8bc99f-98c6-4c90-97ce-e66ec8ee6192/element/2/location {}
[HTTP] <-- GET /wd/hub/session/8d8bc99f-98c6-4c90-97ce-e66ec8ee6192/element/2/location 200 12 ms - 88 
[HTTP] --> POST /wd/hub/session/8d8bc99f-98c6-4c90-97ce-e66ec8ee6192/element/2/clear {"id":"2"}
[HTTP] <-- POST /wd/hub/session/8d8bc99f-98c6-4c90-97ce-e66ec8ee6192/element/2/clear 200 2805 ms - 76 
[HTTP] --> POST /wd/hub/session/8d8bc99f-98c6-4c90-97ce-e66ec8ee6192/element/2/value {"id":"2","value":["0715645545"]}
[HTTP] <-- POST /wd/hub/session/8d8bc99f-98c6-4c90-97ce-e66ec8ee6192/element/2/value 200 5027 ms - 76 
[HTTP] --> GET /wd/hub/session/8d8bc99f-98c6-4c90-97ce-e66ec8ee6192/window/current/size {}
[HTTP] <-- GET /wd/hub/session/8d8bc99f-98c6-4c90-97ce-e66ec8ee6192/window/current/size 200 11 ms - 98 
[HTTP] --> POST /wd/hub/session/8d8bc99f-98c6-4c90-97ce-e66ec8ee6192/elements {"using":"-android uiautomator","value":"new UiSelector().className(\"android.widget.EditText\").instance(1)"}
[HTTP] <-- POST /wd/hub/session/8d8bc99f-98c6-4c90-97ce-e66ec8ee6192/elements 200 591 ms - 89 
[HTTP] --> GET /wd/hub/session/8d8bc99f-98c6-4c90-97ce-e66ec8ee6192 {}
[HTTP] <-- GET /wd/hub/session/8d8bc99f-98c6-4c90-97ce-e66ec8ee6192 200 2 ms - 1189 
[HTTP] --> GET /wd/hub/session/8d8bc99f-98c6-4c90-97ce-e66ec8ee6192 {}
[HTTP] <-- GET /wd/hub/session/8d8bc99f-98c6-4c90-97ce-e66ec8ee6192 200 3 ms - 1189 
[HTTP] --> GET /wd/hub/session/8d8bc99f-98c6-4c90-97ce-e66ec8ee6192 {}
[HTTP] <-- GET /wd/hub/session/8d8bc99f-98c6-4c90-97ce-e66ec8ee6192 200 4 ms - 1189 
[HTTP] --> GET /wd/hub/session/8d8bc99f-98c6-4c90-97ce-e66ec8ee6192 {}
[HTTP] <-- GET /wd/hub/session/8d8bc99f-98c6-4c90-97ce-e66ec8ee6192 200 2 ms - 1189 
[HTTP] --> GET /wd/hub/session/8d8bc99f-98c6-4c90-97ce-e66ec8ee6192/element/3/location {}
[HTTP] <-- GET /wd/hub/session/8d8bc99f-98c6-4c90-97ce-e66ec8ee6192/element/3/location 200 13 ms - 88 
[HTTP] --> POST /wd/hub/session/8d8bc99f-98c6-4c90-97ce-e66ec8ee6192/element/3/clear {"id":"3"}
[HTTP] <-- POST /wd/hub/session/8d8bc99f-98c6-4c90-97ce-e66ec8ee6192/element/3/clear 200 5168 ms - 76 
[HTTP] --> POST /wd/hub/session/8d8bc99f-98c6-4c90-97ce-e66ec8ee6192/element/3/value {"id":"3","value":["password123"]}
[HTTP] <-- POST /wd/hub/session/8d8bc99f-98c6-4c90-97ce-e66ec8ee6192/element/3/value 200 5542 ms - 76 
[HTTP] --> GET /wd/hub/session/8d8bc99f-98c6-4c90-97ce-e66ec8ee6192/window/current/size {}
[HTTP] <-- GET /wd/hub/session/8d8bc99f-98c6-4c90-97ce-e66ec8ee6192/window/current/size 200 6 ms - 98 
[HTTP] --> POST /wd/hub/session/8d8bc99f-98c6-4c90-97ce-e66ec8ee6192/elements {"using":"-android uiautomator","value":"new UiSelector().className(\"android.view.ViewGroup\").instance(9)"}
[HTTP] <-- POST /wd/hub/session/8d8bc99f-98c6-4c90-97ce-e66ec8ee6192/elements 200 498 ms - 89 
[HTTP] --> GET /wd/hub/session/8d8bc99f-98c6-4c90-97ce-e66ec8ee6192 {}
[HTTP] <-- GET /wd/hub/session/8d8bc99f-98c6-4c90-97ce-e66ec8ee6192 200 2 ms - 1189 
[HTTP] --> GET /wd/hub/session/8d8bc99f-98c6-4c90-97ce-e66ec8ee6192 {}
[HTTP] <-- GET /wd/hub/session/8d8bc99f-98c6-4c90-97ce-e66ec8ee6192 200 2 ms - 1189 
[HTTP] --> GET /wd/hub/session/8d8bc99f-98c6-4c90-97ce-e66ec8ee6192 {}
[HTTP] <-- GET /wd/hub/session/8d8bc99f-98c6-4c90-97ce-e66ec8ee6192 200 2 ms - 1189 
[HTTP] --> GET /wd/hub/session/8d8bc99f-98c6-4c90-97ce-e66ec8ee6192 {}
[HTTP] <-- GET /wd/hub/session/8d8bc99f-98c6-4c90-97ce-e66ec8ee6192 200 1 ms - 1189 
[HTTP] --> GET /wd/hub/session/8d8bc99f-98c6-4c90-97ce-e66ec8ee6192/element/4/location {}
[HTTP] <-- GET /wd/hub/session/8d8bc99f-98c6-4c90-97ce-e66ec8ee6192/element/4/location 200 28 ms - 88 
[HTTP] --> POST /wd/hub/session/8d8bc99f-98c6-4c90-97ce-e66ec8ee6192/touch/perform {"actions":[{"action":"tap","options":{"element":"4","x":1,"y":1}}]}
[HTTP] <-- POST /wd/hub/session/8d8bc99f-98c6-4c90-97ce-e66ec8ee6192/touch/perform 200 214 ms - 76 
[HTTP] --> GET /wd/hub/session/8d8bc99f-98c6-4c90-97ce-e66ec8ee6192/window/current/size {}
[HTTP] <-- GET /wd/hub/session/8d8bc99f-98c6-4c90-97ce-e66ec8ee6192/window/current/size 200 5 ms - 98 
[HTTP] --> POST /wd/hub/session/8d8bc99f-98c6-4c90-97ce-e66ec8ee6192/elements {"using":"-android uiautomator","value":"new UiSelector().className(\"android.view.ViewGroup\").instance(9)"}
[HTTP] <-- POST /wd/hub/session/8d8bc99f-98c6-4c90-97ce-e66ec8ee6192/elements 200 646 ms - 89 
[HTTP] --> GET /wd/hub/session/8d8bc99f-98c6-4c90-97ce-e66ec8ee6192 {}
[HTTP] <-- GET /wd/hub/session/8d8bc99f-98c6-4c90-97ce-e66ec8ee6192 200 2 ms - 1189 
[HTTP] --> GET /wd/hub/session/8d8bc99f-98c6-4c90-97ce-e66ec8ee6192 {}
[HTTP] <-- GET /wd/hub/session/8d8bc99f-98c6-4c90-97ce-e66ec8ee6192 200 1 ms - 1189 
[HTTP] --> GET /wd/hub/session/8d8bc99f-98c6-4c90-97ce-e66ec8ee6192 {}
[HTTP] <-- GET /wd/hub/session/8d8bc99f-98c6-4c90-97ce-e66ec8ee6192 200 1 ms - 1189 
[HTTP] --> GET /wd/hub/session/8d8bc99f-98c6-4c90-97ce-e66ec8ee6192 {}
[HTTP] <-- GET /wd/hub/session/8d8bc99f-98c6-4c90-97ce-e66ec8ee6192 200 2 ms - 1189 
[HTTP] --> GET /wd/hub/session/8d8bc99f-98c6-4c90-97ce-e66ec8ee6192/element/5/location {}
[HTTP] <-- GET /wd/hub/session/8d8bc99f-98c6-4c90-97ce-e66ec8ee6192/element/5/location 200 15 ms - 88 
[HTTP] --> POST /wd/hub/session/8d8bc99f-98c6-4c90-97ce-e66ec8ee6192/touch/perform {"actions":[{"action":"tap","options":{"element":"5","x":1,"y":1}}]}
[HTTP] <-- POST /wd/hub/session/8d8bc99f-98c6-4c90-97ce-e66ec8ee6192/touch/perform 200 285 ms - 76 
[HTTP] --> GET /wd/hub/status {}
[HTTP] <-- GET /wd/hub/status 200 3 ms - 83 
[HTTP] --> POST /wd/hub/session {"desiredCapabilities":{"app":"C:\\Users\\Pasindu\\Desktop\\Avonet\\drive-download-20180104T074633Z-001\\app-passenger.apk","autoGrantPermissions":true,"deviceName":"samsung SM-G532G 6.0.1","fullReset":true,"newCommandTimeout":1800,"noReset":false,"platform":"ANDROID","platformName":"Android","udid":"92013592309a8469"},"capabilities":{"desiredCapabilities":{"app":"C:\\Users\\Pasindu\\Desktop\\Avonet\\drive-download-20180104T074633Z-001\\app-passenger.apk","autoGrantPermissions":true,"deviceName":"samsung SM-G532G 6.0.1","fullReset":true,"newCommandTimeout":1800,"noReset":false,"platform":"ANDROID","platformName":"Android","udid":"92013592309a8469"},"firstMatch":[{"platformName":"android"}]}}
[Appium] Merged W3C capabilities {"desiredCapabilities":{"app":"C:\\Users\\Pasin... into desiredCapabilities object {"app":"C:\\Users\\Pasindu\\Desktop\\Avonet\\dr...
[Appium] Creating new AndroidDriver (v1.37.0) session
[Appium] Capabilities:
[Appium]   app: C:\Users\Pasindu\Desktop\Avonet\drive-download-20180104T074633Z-001\app-passenger.apk
[Appium]   autoGrantPermissions: true
[Appium]   deviceName: samsung SM-G532G 6.0.1
[Appium]   fullReset: true
[Appium]   newCommandTimeout: 1800
[Appium]   noReset: false
[Appium]   platform: ANDROID
[Appium]   platformName: android
[Appium]   udid: 92013592309a8469
[BaseDriver] The following capabilities were provided, but are not recognized by appium: platform.
[BaseDriver] Session created with session id: 6f4909bd-e47b-457c-b1ba-89bf6ee1ebdf
[AndroidDriver] Java version is: 1.8.0_102
[ADB] Checking whether adb is present
[AndroidDriver] Retrieving device list
[AndroidDriver] Using device: 92013592309a8469
[ADB] Checking whether adb is present
[BaseDriver] Using local app 'C:\Users\Pasindu\Desktop\Avonet\drive-download-20180104T074633Z-001\app-passenger.apk'
[AndroidDriver] Starting Android session
[AndroidDriver] setDeviceLanguageCountry requires language or country.
[AndroidDriver] Got language: 'null' and country: 'null'
[ADB] Checking whether aapt is present
[ADB] Checking whether aapt is present
[ADB] Getting device platform version
[ADB] Checking whether aapt is present
[ADB] Extracting package and launch activity from manifest
[ADB] net.theavo.bcon.passenger was successfully uninstalled
[AndroidDriver] Remote apk path is /data/local/tmp/872f6dd04647cb9003991e6ecf0c62d8.apk
[AndroidDriver] Apk is not yet installed
[AndroidDriver] installing apk from remote
[AndroidDriver] Clearing out any existing remote apks with the same hash
[ADB] net.theavo.bcon.passenger was not uninstalled, because it was not present on the device
[ADB] Checking whether aapt is present
[ADB] Extracting package and launch activity from manifest
[Appium] Closing session, cause was 'UiAUtomator shut down unexpectedly'
[Appium] Removing session 8d8bc99f-98c6-4c90-97ce-e66ec8ee6192 from our master session list
[ADB] Cannot kill process 11018 in 1000 ms. Trying to force kill...
[AndroidBootstrap] Android bootstrap socket is now connected
[AndroidDriver] Screen already unlocked, doing nothing
[Appium] New AndroidDriver session created successfully, session 6f4909bd-e47b-457c-b1ba-89bf6ee1ebdf added to master session list
[HTTP] <-- POST /wd/hub/session 200 90254 ms - 1189 
[HTTP] --> GET /wd/hub/status {}
[HTTP] <-- GET /wd/hub/status 200 4 ms - 83 
[HTTP] --> POST /wd/hub/session/6f4909bd-e47b-457c-b1ba-89bf6ee1ebdf/timeouts {"type":"implicit","ms":30000}
[HTTP] <-- POST /wd/hub/session/6f4909bd-e47b-457c-b1ba-89bf6ee1ebdf/timeouts 200 3 ms - 76 
[HTTP] --> GET /wd/hub/session/6f4909bd-e47b-457c-b1ba-89bf6ee1ebdf/window/current/size {}
[HTTP] <-- GET /wd/hub/session/6f4909bd-e47b-457c-b1ba-89bf6ee1ebdf/window/current/size 200 20 ms - 98 
[HTTP] --> POST /wd/hub/session/6f4909bd-e47b-457c-b1ba-89bf6ee1ebdf/elements {"using":"-android uiautomator","value":"new UiSelector().className(\"android.view.ViewGroup\").instance(7)"}
[ADB] net.theavo.bcon.passenger was successfully uninstalled
[AndroidBootstrap] Cannot shut down Android bootstrap; it has already shut down
[HTTP] <-- POST /wd/hub/session/6f4909bd-e47b-457c-b1ba-89bf6ee1ebdf/elements 200 30479 ms - 74 
[HTTP] --> DELETE /wd/hub/session/6f4909bd-e47b-457c-b1ba-89bf6ee1ebdf {}
[Appium] Removing session 6f4909bd-e47b-457c-b1ba-89bf6ee1ebdf from our master session list
[ADB] net.theavo.bcon.passenger was not uninstalled, because it was not present on the device
[ADB] No uiautomator process found to kill, continuing...
[HTTP] <-- DELETE /wd/hub/session/6f4909bd-e47b-457c-b1ba-89bf6ee1ebdf 200 7063 ms - 76 
