[Appium] Welcome to Appium v1.7.2
[Appium] Non-default server args:
[Appium]   port: 58755
[Appium]   loglevel: info
[Appium]   chromeDriverPort: 58756
[Appium]   tmpDir: C:\Users\Pasindu\AppData\Local\Temp\\Katalon\Appium\Temp1515989817200
[Appium] Appium REST http interface listener started on 0.0.0.0:58755
[HTTP] --> GET /wd/hub/status {}
[HTTP] <-- GET /wd/hub/status 200 9 ms - 72 
[HTTP] --> POST /wd/hub/session {"desiredCapabilities":{"app":"C:\\Users\\Pasindu\\Desktop\\Avonet\\drive-download-20180104T074633Z-001\\app-passenger.apk","autoGrantPermissions":true,"deviceName":"samsung SM-G532G 6.0.1","fullReset":true,"newCommandTimeout":1800,"noReset":false,"platform":"ANDROID","platformName":"Android","udid":"92013592309a8469"},"capabilities":{"desiredCapabilities":{"app":"C:\\Users\\Pasindu\\Desktop\\Avonet\\drive-download-20180104T074633Z-001\\app-passenger.apk","autoGrantPermissions":true,"deviceName":"samsung SM-G532G 6.0.1","fullReset":true,"newCommandTimeout":1800,"noReset":false,"platform":"ANDROID","platformName":"Android","udid":"92013592309a8469"},"firstMatch":[{"platformName":"android"}]}}
[Appium] Merged W3C capabilities {"desiredCapabilities":{"app":"C:\\Users\\Pasin... into desiredCapabilities object {"app":"C:\\Users\\Pasindu\\Desktop\\Avonet\\dr...
[Appium] Creating new AndroidDriver (v1.37.0) session
[Appium] Capabilities:
[Appium]   app: C:\Users\Pasindu\Desktop\Avonet\drive-download-20180104T074633Z-001\app-passenger.apk
[Appium]   autoGrantPermissions: true
[Appium]   deviceName: samsung SM-G532G 6.0.1
[Appium]   fullReset: true
[Appium]   newCommandTimeout: 1800
[Appium]   noReset: false
[Appium]   platform: ANDROID
[Appium]   platformName: android
[Appium]   udid: 92013592309a8469
[BaseDriver] The following capabilities were provided, but are not recognized by appium: platform.
[BaseDriver] Session created with session id: bb03dc97-b07f-4ecb-ab66-72047c770420
[AndroidDriver] Java version is: 1.8.0_102
[ADB] Checking whether adb is present
[ADB] Using adb.exe from C:\Users\Pasindu\.katalon\tools\android_sdk\platform-tools\adb.exe
[AndroidDriver] Retrieving device list
[AndroidDriver] Using device: 92013592309a8469
[ADB] Checking whether adb is present
[BaseDriver] Using local app 'C:\Users\Pasindu\Desktop\Avonet\drive-download-20180104T074633Z-001\app-passenger.apk'
[AndroidDriver] Starting Android session
[AndroidDriver] setDeviceLanguageCountry requires language or country.
[AndroidDriver] Got language: 'null' and country: 'null'
[ADB] Checking whether aapt is present
[ADB] Using aapt.exe from C:\Users\Pasindu\.katalon\tools\android_sdk\build-tools\27.0.3\aapt.exe
[ADB] Checking whether aapt is present
[ADB] Getting device platform version
[ADB] Checking whether aapt is present
[ADB] Extracting package and launch activity from manifest
[ADB] net.theavo.bcon.passenger was successfully uninstalled
[AndroidDriver] Remote apk path is /data/local/tmp/872f6dd04647cb9003991e6ecf0c62d8.apk
[AndroidDriver] Apk is not yet installed
[AndroidDriver] installing apk from remote
[AndroidDriver] Clearing out any existing remote apks with the same hash
[ADB] net.theavo.bcon.passenger was not uninstalled, because it was not present on the device
[ADB] Checking whether aapt is present
[ADB] Extracting package and launch activity from manifest
[ADB] Cannot kill process 6808 in 1000 ms. Trying to force kill...
[AndroidBootstrap] Android bootstrap socket is now connected
[AndroidDriver] Screen already unlocked, doing nothing
[Appium] New AndroidDriver session created successfully, session bb03dc97-b07f-4ecb-ab66-72047c770420 added to master session list
[HTTP] <-- POST /wd/hub/session 200 92177 ms - 1189 
[HTTP] --> GET /wd/hub/status {}
[HTTP] <-- GET /wd/hub/status 200 4 ms - 83 
[HTTP] --> POST /wd/hub/session/bb03dc97-b07f-4ecb-ab66-72047c770420/timeouts {"type":"implicit","ms":30000}
[HTTP] <-- POST /wd/hub/session/bb03dc97-b07f-4ecb-ab66-72047c770420/timeouts 200 9 ms - 76 
[HTTP] --> GET /wd/hub/session/bb03dc97-b07f-4ecb-ab66-72047c770420/window/current/size {}
[HTTP] <-- GET /wd/hub/session/bb03dc97-b07f-4ecb-ab66-72047c770420/window/current/size 200 20 ms - 98 
[HTTP] --> POST /wd/hub/session/bb03dc97-b07f-4ecb-ab66-72047c770420/elements {"using":"-android uiautomator","value":"new UiSelector().className(\"android.view.ViewGroup\").instance(7)"}
[HTTP] <-- POST /wd/hub/session/bb03dc97-b07f-4ecb-ab66-72047c770420/elements 200 6750 ms - 89 
[HTTP] --> GET /wd/hub/session/bb03dc97-b07f-4ecb-ab66-72047c770420 {}
[HTTP] <-- GET /wd/hub/session/bb03dc97-b07f-4ecb-ab66-72047c770420 200 2 ms - 1189 
[HTTP] --> GET /wd/hub/session/bb03dc97-b07f-4ecb-ab66-72047c770420 {}
[HTTP] <-- GET /wd/hub/session/bb03dc97-b07f-4ecb-ab66-72047c770420 200 3 ms - 1189 
[HTTP] --> GET /wd/hub/session/bb03dc97-b07f-4ecb-ab66-72047c770420 {}
[HTTP] <-- GET /wd/hub/session/bb03dc97-b07f-4ecb-ab66-72047c770420 200 2 ms - 1189 
[HTTP] --> GET /wd/hub/session/bb03dc97-b07f-4ecb-ab66-72047c770420 {}
[HTTP] <-- GET /wd/hub/session/bb03dc97-b07f-4ecb-ab66-72047c770420 200 2 ms - 1189 
[HTTP] --> GET /wd/hub/session/bb03dc97-b07f-4ecb-ab66-72047c770420/element/1/location {}
[HTTP] <-- GET /wd/hub/session/bb03dc97-b07f-4ecb-ab66-72047c770420/element/1/location 200 13 ms - 88 
[HTTP] --> POST /wd/hub/session/bb03dc97-b07f-4ecb-ab66-72047c770420/touch/perform {"actions":[{"action":"tap","options":{"element":"1","x":1,"y":1}}]}
[HTTP] <-- POST /wd/hub/session/bb03dc97-b07f-4ecb-ab66-72047c770420/touch/perform 200 371 ms - 76 
[HTTP] --> GET /wd/hub/session/bb03dc97-b07f-4ecb-ab66-72047c770420/window/current/size {}
[HTTP] <-- GET /wd/hub/session/bb03dc97-b07f-4ecb-ab66-72047c770420/window/current/size 200 9 ms - 98 
[HTTP] --> POST /wd/hub/session/bb03dc97-b07f-4ecb-ab66-72047c770420/elements {"using":"-android uiautomator","value":"new UiSelector().className(\"android.widget.EditText\").text(\"Mobile Number\").instance(0)"}
[HTTP] <-- POST /wd/hub/session/bb03dc97-b07f-4ecb-ab66-72047c770420/elements 200 653 ms - 89 
[HTTP] --> GET /wd/hub/session/bb03dc97-b07f-4ecb-ab66-72047c770420 {}
[HTTP] <-- GET /wd/hub/session/bb03dc97-b07f-4ecb-ab66-72047c770420 200 2 ms - 1189 
[HTTP] --> GET /wd/hub/session/bb03dc97-b07f-4ecb-ab66-72047c770420 {}
[HTTP] <-- GET /wd/hub/session/bb03dc97-b07f-4ecb-ab66-72047c770420 200 2 ms - 1189 
[HTTP] --> GET /wd/hub/session/bb03dc97-b07f-4ecb-ab66-72047c770420 {}
[HTTP] <-- GET /wd/hub/session/bb03dc97-b07f-4ecb-ab66-72047c770420 200 2 ms - 1189 
[HTTP] --> GET /wd/hub/session/bb03dc97-b07f-4ecb-ab66-72047c770420 {}
[HTTP] <-- GET /wd/hub/session/bb03dc97-b07f-4ecb-ab66-72047c770420 200 2 ms - 1189 
[HTTP] --> GET /wd/hub/session/bb03dc97-b07f-4ecb-ab66-72047c770420/element/2/location {}
[HTTP] <-- GET /wd/hub/session/bb03dc97-b07f-4ecb-ab66-72047c770420/element/2/location 200 13 ms - 88 
[HTTP] --> POST /wd/hub/session/bb03dc97-b07f-4ecb-ab66-72047c770420/element/2/clear {"id":"2"}
[HTTP] <-- POST /wd/hub/session/bb03dc97-b07f-4ecb-ab66-72047c770420/element/2/clear 200 2525 ms - 76 
[HTTP] --> POST /wd/hub/session/bb03dc97-b07f-4ecb-ab66-72047c770420/element/2/value {"id":"2","value":["0715645545"]}
[HTTP] <-- POST /wd/hub/session/bb03dc97-b07f-4ecb-ab66-72047c770420/element/2/value 200 5100 ms - 76 
[HTTP] --> GET /wd/hub/session/bb03dc97-b07f-4ecb-ab66-72047c770420/window/current/size {}
[HTTP] <-- GET /wd/hub/session/bb03dc97-b07f-4ecb-ab66-72047c770420/window/current/size 200 5 ms - 98 
[HTTP] --> POST /wd/hub/session/bb03dc97-b07f-4ecb-ab66-72047c770420/elements {"using":"-android uiautomator","value":"new UiSelector().className(\"android.widget.EditText\").instance(1)"}
[HTTP] <-- POST /wd/hub/session/bb03dc97-b07f-4ecb-ab66-72047c770420/elements 200 628 ms - 89 
[HTTP] --> GET /wd/hub/session/bb03dc97-b07f-4ecb-ab66-72047c770420 {}
[HTTP] <-- GET /wd/hub/session/bb03dc97-b07f-4ecb-ab66-72047c770420 200 2 ms - 1189 
[HTTP] --> GET /wd/hub/session/bb03dc97-b07f-4ecb-ab66-72047c770420 {}
[HTTP] <-- GET /wd/hub/session/bb03dc97-b07f-4ecb-ab66-72047c770420 200 2 ms - 1189 
[HTTP] --> GET /wd/hub/session/bb03dc97-b07f-4ecb-ab66-72047c770420 {}
[HTTP] <-- GET /wd/hub/session/bb03dc97-b07f-4ecb-ab66-72047c770420 200 3 ms - 1189 
[HTTP] --> GET /wd/hub/session/bb03dc97-b07f-4ecb-ab66-72047c770420 {}
[HTTP] <-- GET /wd/hub/session/bb03dc97-b07f-4ecb-ab66-72047c770420 200 2 ms - 1189 
[HTTP] --> GET /wd/hub/session/bb03dc97-b07f-4ecb-ab66-72047c770420/element/3/location {}
[HTTP] <-- GET /wd/hub/session/bb03dc97-b07f-4ecb-ab66-72047c770420/element/3/location 200 18 ms - 88 
[HTTP] --> POST /wd/hub/session/bb03dc97-b07f-4ecb-ab66-72047c770420/element/3/clear {"id":"3"}
[HTTP] <-- POST /wd/hub/session/bb03dc97-b07f-4ecb-ab66-72047c770420/element/3/clear 200 5153 ms - 76 
[HTTP] --> POST /wd/hub/session/bb03dc97-b07f-4ecb-ab66-72047c770420/element/3/value {"id":"3","value":["password123"]}
[HTTP] <-- POST /wd/hub/session/bb03dc97-b07f-4ecb-ab66-72047c770420/element/3/value 200 5413 ms - 76 
[HTTP] --> GET /wd/hub/session/bb03dc97-b07f-4ecb-ab66-72047c770420/window/current/size {}
[HTTP] <-- GET /wd/hub/session/bb03dc97-b07f-4ecb-ab66-72047c770420/window/current/size 200 7 ms - 98 
[HTTP] --> POST /wd/hub/session/bb03dc97-b07f-4ecb-ab66-72047c770420/elements {"using":"-android uiautomator","value":"new UiSelector().className(\"android.view.ViewGroup\").instance(9)"}
[HTTP] <-- POST /wd/hub/session/bb03dc97-b07f-4ecb-ab66-72047c770420/elements 200 594 ms - 89 
[HTTP] --> GET /wd/hub/session/bb03dc97-b07f-4ecb-ab66-72047c770420 {}
[HTTP] <-- GET /wd/hub/session/bb03dc97-b07f-4ecb-ab66-72047c770420 200 2 ms - 1189 
[HTTP] --> GET /wd/hub/session/bb03dc97-b07f-4ecb-ab66-72047c770420 {}
[HTTP] <-- GET /wd/hub/session/bb03dc97-b07f-4ecb-ab66-72047c770420 200 2 ms - 1189 
[HTTP] --> GET /wd/hub/session/bb03dc97-b07f-4ecb-ab66-72047c770420 {}
[HTTP] <-- GET /wd/hub/session/bb03dc97-b07f-4ecb-ab66-72047c770420 200 2 ms - 1189 
[HTTP] --> GET /wd/hub/session/bb03dc97-b07f-4ecb-ab66-72047c770420 {}
[HTTP] <-- GET /wd/hub/session/bb03dc97-b07f-4ecb-ab66-72047c770420 200 2 ms - 1189 
[HTTP] --> GET /wd/hub/session/bb03dc97-b07f-4ecb-ab66-72047c770420/element/4/location {}
[HTTP] <-- GET /wd/hub/session/bb03dc97-b07f-4ecb-ab66-72047c770420/element/4/location 200 16 ms - 88 
[HTTP] --> POST /wd/hub/session/bb03dc97-b07f-4ecb-ab66-72047c770420/touch/perform {"actions":[{"action":"tap","options":{"element":"4","x":1,"y":1}}]}
[HTTP] <-- POST /wd/hub/session/bb03dc97-b07f-4ecb-ab66-72047c770420/touch/perform 200 213 ms - 76 
[HTTP] --> GET /wd/hub/session/bb03dc97-b07f-4ecb-ab66-72047c770420/window/current/size {}
[HTTP] <-- GET /wd/hub/session/bb03dc97-b07f-4ecb-ab66-72047c770420/window/current/size 200 8 ms - 98 
[HTTP] --> POST /wd/hub/session/bb03dc97-b07f-4ecb-ab66-72047c770420/elements {"using":"-android uiautomator","value":"new UiSelector().className(\"android.view.ViewGroup\").instance(9)"}
[HTTP] <-- POST /wd/hub/session/bb03dc97-b07f-4ecb-ab66-72047c770420/elements 200 643 ms - 89 
[HTTP] --> GET /wd/hub/session/bb03dc97-b07f-4ecb-ab66-72047c770420 {}
[HTTP] <-- GET /wd/hub/session/bb03dc97-b07f-4ecb-ab66-72047c770420 200 2 ms - 1189 
[HTTP] --> GET /wd/hub/session/bb03dc97-b07f-4ecb-ab66-72047c770420 {}
[HTTP] <-- GET /wd/hub/session/bb03dc97-b07f-4ecb-ab66-72047c770420 200 2 ms - 1189 
[HTTP] --> GET /wd/hub/session/bb03dc97-b07f-4ecb-ab66-72047c770420 {}
[HTTP] <-- GET /wd/hub/session/bb03dc97-b07f-4ecb-ab66-72047c770420 200 2 ms - 1189 
[HTTP] --> GET /wd/hub/session/bb03dc97-b07f-4ecb-ab66-72047c770420 {}
[HTTP] <-- GET /wd/hub/session/bb03dc97-b07f-4ecb-ab66-72047c770420 200 2 ms - 1189 
[HTTP] --> GET /wd/hub/session/bb03dc97-b07f-4ecb-ab66-72047c770420/element/5/location {}
[HTTP] <-- GET /wd/hub/session/bb03dc97-b07f-4ecb-ab66-72047c770420/element/5/location 200 28 ms - 88 
[HTTP] --> POST /wd/hub/session/bb03dc97-b07f-4ecb-ab66-72047c770420/touch/perform {"actions":[{"action":"tap","options":{"element":"5","x":1,"y":1}}]}
[HTTP] <-- POST /wd/hub/session/bb03dc97-b07f-4ecb-ab66-72047c770420/touch/perform 200 259 ms - 76 
[HTTP] --> GET /wd/hub/session/bb03dc97-b07f-4ecb-ab66-72047c770420/window/current/size {}
[HTTP] <-- GET /wd/hub/session/bb03dc97-b07f-4ecb-ab66-72047c770420/window/current/size 200 6 ms - 98 
[HTTP] --> POST /wd/hub/session/bb03dc97-b07f-4ecb-ab66-72047c770420/touch/multi/perform {"actions":[[{"action":"press","options":{"x":0,"y":0}},{"action":"release","options":{}}],[{"action":"press","options":{"x":0,"y":0}},{"action":"release","options":{}}]]}
[HTTP] <-- POST /wd/hub/session/bb03dc97-b07f-4ecb-ab66-72047c770420/touch/multi/perform 200 103 ms - 76 
[HTTP] --> GET /wd/hub/session/bb03dc97-b07f-4ecb-ab66-72047c770420/window/current/size {}
[HTTP] <-- GET /wd/hub/session/bb03dc97-b07f-4ecb-ab66-72047c770420/window/current/size 200 7 ms - 98 
[HTTP] --> POST /wd/hub/session/bb03dc97-b07f-4ecb-ab66-72047c770420/elements {"using":"-android uiautomator","value":"new UiSelector().className(\"android.view.ViewGroup\").instance(10)"}
[HTTP] <-- POST /wd/hub/session/bb03dc97-b07f-4ecb-ab66-72047c770420/elements 200 339 ms - 89 
[HTTP] --> GET /wd/hub/session/bb03dc97-b07f-4ecb-ab66-72047c770420 {}
[HTTP] <-- GET /wd/hub/session/bb03dc97-b07f-4ecb-ab66-72047c770420 200 2 ms - 1189 
[HTTP] --> GET /wd/hub/session/bb03dc97-b07f-4ecb-ab66-72047c770420 {}
[HTTP] <-- GET /wd/hub/session/bb03dc97-b07f-4ecb-ab66-72047c770420 200 2 ms - 1189 
[HTTP] --> GET /wd/hub/session/bb03dc97-b07f-4ecb-ab66-72047c770420 {}
[HTTP] <-- GET /wd/hub/session/bb03dc97-b07f-4ecb-ab66-72047c770420 200 1 ms - 1189 
[HTTP] --> GET /wd/hub/session/bb03dc97-b07f-4ecb-ab66-72047c770420 {}
[HTTP] <-- GET /wd/hub/session/bb03dc97-b07f-4ecb-ab66-72047c770420 200 2 ms - 1189 
[HTTP] --> GET /wd/hub/session/bb03dc97-b07f-4ecb-ab66-72047c770420/element/6/location {}
[HTTP] <-- GET /wd/hub/session/bb03dc97-b07f-4ecb-ab66-72047c770420/element/6/location 200 53 ms - 88 
[HTTP] --> POST /wd/hub/session/bb03dc97-b07f-4ecb-ab66-72047c770420/element/6/clear {"id":"6"}
[HTTP] <-- POST /wd/hub/session/bb03dc97-b07f-4ecb-ab66-72047c770420/element/6/clear 200 7270 ms - 76 
[HTTP] --> POST /wd/hub/session/bb03dc97-b07f-4ecb-ab66-72047c770420/element/6/value {"id":"6","value":["colombo"]}
[HTTP] <-- POST /wd/hub/session/bb03dc97-b07f-4ecb-ab66-72047c770420/element/6/value 200 6535 ms - 76 
[HTTP] --> GET /wd/hub/session/bb03dc97-b07f-4ecb-ab66-72047c770420/window/current/size {}
[HTTP] <-- GET /wd/hub/session/bb03dc97-b07f-4ecb-ab66-72047c770420/window/current/size 200 5 ms - 98 
[HTTP] --> POST /wd/hub/session/bb03dc97-b07f-4ecb-ab66-72047c770420/elements {"using":"-android uiautomator","value":"new UiSelector().className(\"android.view.ViewGroup\").instance(13)"}
[HTTP] <-- POST /wd/hub/session/bb03dc97-b07f-4ecb-ab66-72047c770420/elements 200 911 ms - 89 
[HTTP] --> GET /wd/hub/session/bb03dc97-b07f-4ecb-ab66-72047c770420 {}
[HTTP] <-- GET /wd/hub/session/bb03dc97-b07f-4ecb-ab66-72047c770420 200 2 ms - 1189 
[HTTP] --> GET /wd/hub/session/bb03dc97-b07f-4ecb-ab66-72047c770420 {}
[HTTP] <-- GET /wd/hub/session/bb03dc97-b07f-4ecb-ab66-72047c770420 200 2 ms - 1189 
[HTTP] --> GET /wd/hub/session/bb03dc97-b07f-4ecb-ab66-72047c770420 {}
[HTTP] <-- GET /wd/hub/session/bb03dc97-b07f-4ecb-ab66-72047c770420 200 2 ms - 1189 
[HTTP] --> GET /wd/hub/session/bb03dc97-b07f-4ecb-ab66-72047c770420 {}
[HTTP] <-- GET /wd/hub/session/bb03dc97-b07f-4ecb-ab66-72047c770420 200 2 ms - 1189 
[HTTP] --> GET /wd/hub/session/bb03dc97-b07f-4ecb-ab66-72047c770420/element/7/location {}
[HTTP] <-- GET /wd/hub/session/bb03dc97-b07f-4ecb-ab66-72047c770420/element/7/location 200 31 ms - 88 
[HTTP] --> POST /wd/hub/session/bb03dc97-b07f-4ecb-ab66-72047c770420/touch/perform {"actions":[{"action":"tap","options":{"element":"7","x":1,"y":1}}]}
[HTTP] <-- POST /wd/hub/session/bb03dc97-b07f-4ecb-ab66-72047c770420/touch/perform 200 214 ms - 76 
[HTTP] --> GET /wd/hub/session/bb03dc97-b07f-4ecb-ab66-72047c770420/window/current/size {}
[HTTP] <-- GET /wd/hub/session/bb03dc97-b07f-4ecb-ab66-72047c770420/window/current/size 200 7 ms - 98 
[HTTP] --> POST /wd/hub/session/bb03dc97-b07f-4ecb-ab66-72047c770420/elements {"using":"-android uiautomator","value":"new UiSelector().className(\"android.view.ViewGroup\").instance(18)"}
[HTTP] <-- POST /wd/hub/session/bb03dc97-b07f-4ecb-ab66-72047c770420/elements 200 1007 ms - 89 
[HTTP] --> GET /wd/hub/session/bb03dc97-b07f-4ecb-ab66-72047c770420 {}
[HTTP] <-- GET /wd/hub/session/bb03dc97-b07f-4ecb-ab66-72047c770420 200 2 ms - 1189 
[HTTP] --> GET /wd/hub/session/bb03dc97-b07f-4ecb-ab66-72047c770420 {}
[HTTP] <-- GET /wd/hub/session/bb03dc97-b07f-4ecb-ab66-72047c770420 200 2 ms - 1189 
[HTTP] --> GET /wd/hub/session/bb03dc97-b07f-4ecb-ab66-72047c770420 {}
[HTTP] <-- GET /wd/hub/session/bb03dc97-b07f-4ecb-ab66-72047c770420 200 2 ms - 1189 
[HTTP] --> GET /wd/hub/session/bb03dc97-b07f-4ecb-ab66-72047c770420 {}
[HTTP] <-- GET /wd/hub/session/bb03dc97-b07f-4ecb-ab66-72047c770420 200 2 ms - 1189 
[HTTP] --> GET /wd/hub/session/bb03dc97-b07f-4ecb-ab66-72047c770420/element/8/location {}
[HTTP] <-- GET /wd/hub/session/bb03dc97-b07f-4ecb-ab66-72047c770420/element/8/location 200 40 ms - 89 
[HTTP] --> POST /wd/hub/session/bb03dc97-b07f-4ecb-ab66-72047c770420/touch/perform {"actions":[{"action":"tap","options":{"element":"8","x":1,"y":1}}]}
[HTTP] <-- POST /wd/hub/session/bb03dc97-b07f-4ecb-ab66-72047c770420/touch/perform 200 215 ms - 76 
[HTTP] --> GET /wd/hub/session/bb03dc97-b07f-4ecb-ab66-72047c770420/window/current/size {}
[HTTP] <-- GET /wd/hub/session/bb03dc97-b07f-4ecb-ab66-72047c770420/window/current/size 200 12 ms - 98 
[HTTP] --> POST /wd/hub/session/bb03dc97-b07f-4ecb-ab66-72047c770420/elements {"using":"-android uiautomator","value":"new UiSelector().className(\"android.view.ViewGroup\").instance(18)"}
[HTTP] <-- POST /wd/hub/session/bb03dc97-b07f-4ecb-ab66-72047c770420/elements 200 1472 ms - 89 
[HTTP] --> GET /wd/hub/session/bb03dc97-b07f-4ecb-ab66-72047c770420 {}
[HTTP] <-- GET /wd/hub/session/bb03dc97-b07f-4ecb-ab66-72047c770420 200 2 ms - 1189 
[HTTP] --> GET /wd/hub/session/bb03dc97-b07f-4ecb-ab66-72047c770420 {}
[HTTP] <-- GET /wd/hub/session/bb03dc97-b07f-4ecb-ab66-72047c770420 200 1 ms - 1189 
[HTTP] --> GET /wd/hub/session/bb03dc97-b07f-4ecb-ab66-72047c770420 {}
[HTTP] <-- GET /wd/hub/session/bb03dc97-b07f-4ecb-ab66-72047c770420 200 1 ms - 1189 
[HTTP] --> GET /wd/hub/session/bb03dc97-b07f-4ecb-ab66-72047c770420 {}
[HTTP] <-- GET /wd/hub/session/bb03dc97-b07f-4ecb-ab66-72047c770420 200 1 ms - 1189 
[HTTP] --> GET /wd/hub/session/bb03dc97-b07f-4ecb-ab66-72047c770420/element/9/location {}
[HTTP] <-- GET /wd/hub/session/bb03dc97-b07f-4ecb-ab66-72047c770420/element/9/location 200 23 ms - 89 
[HTTP] --> POST /wd/hub/session/bb03dc97-b07f-4ecb-ab66-72047c770420/touch/perform {"actions":[{"action":"tap","options":{"element":"9","x":1,"y":1}}]}
[HTTP] <-- POST /wd/hub/session/bb03dc97-b07f-4ecb-ab66-72047c770420/touch/perform 200 240 ms - 76 
[HTTP] --> GET /wd/hub/session/bb03dc97-b07f-4ecb-ab66-72047c770420/window/current/size {}
[HTTP] <-- GET /wd/hub/session/bb03dc97-b07f-4ecb-ab66-72047c770420/window/current/size 200 5 ms - 98 
[HTTP] --> POST /wd/hub/session/bb03dc97-b07f-4ecb-ab66-72047c770420/elements {"using":"-android uiautomator","value":"new UiSelector().className(\"android.view.ViewGroup\").instance(4)"}
[HTTP] <-- POST /wd/hub/session/bb03dc97-b07f-4ecb-ab66-72047c770420/elements 200 16522 ms - 90 
[HTTP] --> GET /wd/hub/session/bb03dc97-b07f-4ecb-ab66-72047c770420 {}
[HTTP] <-- GET /wd/hub/session/bb03dc97-b07f-4ecb-ab66-72047c770420 200 1 ms - 1189 
[HTTP] --> GET /wd/hub/session/bb03dc97-b07f-4ecb-ab66-72047c770420 {}
[HTTP] <-- GET /wd/hub/session/bb03dc97-b07f-4ecb-ab66-72047c770420 200 1 ms - 1189 
[HTTP] --> GET /wd/hub/session/bb03dc97-b07f-4ecb-ab66-72047c770420 {}
[HTTP] <-- GET /wd/hub/session/bb03dc97-b07f-4ecb-ab66-72047c770420 200 2 ms - 1189 
[HTTP] --> GET /wd/hub/session/bb03dc97-b07f-4ecb-ab66-72047c770420 {}
[HTTP] <-- GET /wd/hub/session/bb03dc97-b07f-4ecb-ab66-72047c770420 200 2 ms - 1189 
[HTTP] --> GET /wd/hub/session/bb03dc97-b07f-4ecb-ab66-72047c770420/element/10/location {}
[HTTP] <-- GET /wd/hub/session/bb03dc97-b07f-4ecb-ab66-72047c770420/element/10/location 200 10 ms - 89 
[HTTP] --> POST /wd/hub/session/bb03dc97-b07f-4ecb-ab66-72047c770420/touch/perform {"actions":[{"action":"tap","options":{"element":"10","x":1,"y":1}}]}
[HTTP] <-- POST /wd/hub/session/bb03dc97-b07f-4ecb-ab66-72047c770420/touch/perform 200 3142 ms - 76 
[HTTP] --> DELETE /wd/hub/session/bb03dc97-b07f-4ecb-ab66-72047c770420 {}
[Appium] Removing session bb03dc97-b07f-4ecb-ab66-72047c770420 from our master session list
[ADB] net.theavo.bcon.passenger was successfully uninstalled
[ADB] No uiautomator process found to kill, continuing...
[HTTP] <-- DELETE /wd/hub/session/bb03dc97-b07f-4ecb-ab66-72047c770420 200 11122 ms - 76 
