[Appium] Welcome to Appium v1.7.2
[Appium] Non-default server args:
[Appium]   port: 49225
[Appium]   loglevel: info
[Appium]   chromeDriverPort: 49226
[Appium]   tmpDir: C:\Users\Pasindu\AppData\Local\Temp\\Katalon\Appium\Temp1515745477943
[Appium] Appium REST http interface listener started on 0.0.0.0:49225
[HTTP] --> GET /wd/hub/status {}
[HTTP] <-- GET /wd/hub/status 200 9 ms - 72 
[HTTP] --> POST /wd/hub/session {"desiredCapabilities":{"app":"C:\\Users\\Pasindu\\Desktop\\Avonet\\drive-download-20180104T074633Z-001\\app-passenger.apk","autoGrantPermissions":true,"deviceName":"samsung SM-G570F 6.0.1","fullReset":true,"newCommandTimeout":1800,"noReset":false,"platform":"ANDROID","platformName":"Android","udid":"421041ecd284741f"},"capabilities":{"desiredCapabilities":{"app":"C:\\Users\\Pasindu\\Desktop\\Avonet\\drive-download-20180104T074633Z-001\\app-passenger.apk","autoGrantPermissions":true,"deviceName":"samsung SM-G570F 6.0.1","fullReset":true,"newCommandTimeout":1800,"noReset":false,"platform":"ANDROID","platformName":"Android","udid":"421041ecd284741f"},"firstMatch":[{"platformName":"android"}]}}
[Appium] Merged W3C capabilities {"desiredCapabilities":{"app":"C:\\Users\\Pasin... into desiredCapabilities object {"app":"C:\\Users\\Pasindu\\Desktop\\Avonet\\dr...
[Appium] Creating new AndroidDriver (v1.37.0) session
[Appium] Capabilities:
[Appium]   app: C:\Users\Pasindu\Desktop\Avonet\drive-download-20180104T074633Z-001\app-passenger.apk
[Appium]   autoGrantPermissions: true
[Appium]   deviceName: samsung SM-G570F 6.0.1
[Appium]   fullReset: true
[Appium]   newCommandTimeout: 1800
[Appium]   noReset: false
[Appium]   platform: ANDROID
[Appium]   platformName: android
[Appium]   udid: 421041ecd284741f
[BaseDriver] The following capabilities were provided, but are not recognized by appium: platform.
[BaseDriver] Session created with session id: 8b4b26ff-ffe6-4b02-bf07-37632fc7bf9b
[AndroidDriver] Java version is: 1.8.0_102
[ADB] Checking whether adb is present
[ADB] Using adb.exe from C:\Users\Pasindu\.katalon\tools\android_sdk\platform-tools\adb.exe
[AndroidDriver] Retrieving device list
[AndroidDriver] Using device: 421041ecd284741f
[ADB] Checking whether adb is present
[BaseDriver] Using local app 'C:\Users\Pasindu\Desktop\Avonet\drive-download-20180104T074633Z-001\app-passenger.apk'
[AndroidDriver] Starting Android session
[AndroidDriver] setDeviceLanguageCountry requires language or country.
[AndroidDriver] Got language: 'null' and country: 'null'
[ADB] Checking whether aapt is present
[ADB] Using aapt.exe from C:\Users\Pasindu\.katalon\tools\android_sdk\build-tools\27.0.3\aapt.exe
[ADB] Checking whether aapt is present
[ADB] Getting device platform version
[ADB] Checking whether aapt is present
[ADB] Extracting package and launch activity from manifest
[ADB] net.theavo.bcon.passenger was successfully uninstalled
[AndroidDriver] Remote apk path is /data/local/tmp/872f6dd04647cb9003991e6ecf0c62d8.apk
[AndroidDriver] Apk is not yet installed
[AndroidDriver] installing apk from remote
[AndroidDriver] Clearing out any existing remote apks with the same hash
[ADB] net.theavo.bcon.passenger was not uninstalled, because it was not present on the device
[ADB] Checking whether aapt is present
[ADB] Extracting package and launch activity from manifest
[ADB] Cannot kill process 26458 in 1000 ms. Trying to force kill...
[AndroidBootstrap] Android bootstrap socket is now connected
[AndroidDriver] Screen already unlocked, doing nothing
[Appium] New AndroidDriver session created successfully, session 8b4b26ff-ffe6-4b02-bf07-37632fc7bf9b added to master session list
[HTTP] <-- POST /wd/hub/session 200 81999 ms - 1190 
[HTTP] --> GET /wd/hub/status {}
[HTTP] <-- GET /wd/hub/status 200 4 ms - 83 
[HTTP] --> POST /wd/hub/session/8b4b26ff-ffe6-4b02-bf07-37632fc7bf9b/timeouts {"type":"implicit","ms":30000}
[HTTP] <-- POST /wd/hub/session/8b4b26ff-ffe6-4b02-bf07-37632fc7bf9b/timeouts 200 9 ms - 76 
[HTTP] --> GET /wd/hub/session/8b4b26ff-ffe6-4b02-bf07-37632fc7bf9b/window/current/size {}
[HTTP] <-- GET /wd/hub/session/8b4b26ff-ffe6-4b02-bf07-37632fc7bf9b/window/current/size 200 25 ms - 99 
[HTTP] --> POST /wd/hub/session/8b4b26ff-ffe6-4b02-bf07-37632fc7bf9b/elements {"using":"-android uiautomator","value":"new UiSelector().className(\"android.view.ViewGroup\").instance(7)"}
[HTTP] <-- POST /wd/hub/session/8b4b26ff-ffe6-4b02-bf07-37632fc7bf9b/elements 200 8588 ms - 89 
[HTTP] --> GET /wd/hub/session/8b4b26ff-ffe6-4b02-bf07-37632fc7bf9b {}
[HTTP] <-- GET /wd/hub/session/8b4b26ff-ffe6-4b02-bf07-37632fc7bf9b 200 3 ms - 1190 
[HTTP] --> GET /wd/hub/session/8b4b26ff-ffe6-4b02-bf07-37632fc7bf9b {}
[HTTP] <-- GET /wd/hub/session/8b4b26ff-ffe6-4b02-bf07-37632fc7bf9b 200 2 ms - 1190 
[HTTP] --> GET /wd/hub/session/8b4b26ff-ffe6-4b02-bf07-37632fc7bf9b {}
[HTTP] <-- GET /wd/hub/session/8b4b26ff-ffe6-4b02-bf07-37632fc7bf9b 200 2 ms - 1190 
[HTTP] --> GET /wd/hub/session/8b4b26ff-ffe6-4b02-bf07-37632fc7bf9b {}
[HTTP] <-- GET /wd/hub/session/8b4b26ff-ffe6-4b02-bf07-37632fc7bf9b 200 2 ms - 1190 
[HTTP] --> GET /wd/hub/session/8b4b26ff-ffe6-4b02-bf07-37632fc7bf9b/element/1/location {}
[HTTP] <-- GET /wd/hub/session/8b4b26ff-ffe6-4b02-bf07-37632fc7bf9b/element/1/location 200 900 ms - 89 
[HTTP] --> POST /wd/hub/session/8b4b26ff-ffe6-4b02-bf07-37632fc7bf9b/touch/perform {"actions":[{"action":"tap","options":{"element":"1","x":1,"y":1}}]}
[HTTP] <-- POST /wd/hub/session/8b4b26ff-ffe6-4b02-bf07-37632fc7bf9b/touch/perform 200 1271 ms - 76 
[HTTP] --> GET /wd/hub/session/8b4b26ff-ffe6-4b02-bf07-37632fc7bf9b/window/current/size {}
[HTTP] <-- GET /wd/hub/session/8b4b26ff-ffe6-4b02-bf07-37632fc7bf9b/window/current/size 200 5 ms - 99 
[HTTP] --> POST /wd/hub/session/8b4b26ff-ffe6-4b02-bf07-37632fc7bf9b/elements {"using":"-android uiautomator","value":"new UiSelector().className(\"android.widget.EditText\").text(\"Mobile Number\").instance(0)"}
[HTTP] <-- POST /wd/hub/session/8b4b26ff-ffe6-4b02-bf07-37632fc7bf9b/elements 200 591 ms - 89 
[HTTP] --> GET /wd/hub/session/8b4b26ff-ffe6-4b02-bf07-37632fc7bf9b {}
[HTTP] <-- GET /wd/hub/session/8b4b26ff-ffe6-4b02-bf07-37632fc7bf9b 200 2 ms - 1190 
[HTTP] --> GET /wd/hub/session/8b4b26ff-ffe6-4b02-bf07-37632fc7bf9b {}
[HTTP] <-- GET /wd/hub/session/8b4b26ff-ffe6-4b02-bf07-37632fc7bf9b 200 2 ms - 1190 
[HTTP] --> GET /wd/hub/session/8b4b26ff-ffe6-4b02-bf07-37632fc7bf9b {}
[HTTP] <-- GET /wd/hub/session/8b4b26ff-ffe6-4b02-bf07-37632fc7bf9b 200 2 ms - 1190 
[HTTP] --> GET /wd/hub/session/8b4b26ff-ffe6-4b02-bf07-37632fc7bf9b {}
[HTTP] <-- GET /wd/hub/session/8b4b26ff-ffe6-4b02-bf07-37632fc7bf9b 200 2 ms - 1190 
[HTTP] --> GET /wd/hub/session/8b4b26ff-ffe6-4b02-bf07-37632fc7bf9b/element/2/location {}
[HTTP] <-- GET /wd/hub/session/8b4b26ff-ffe6-4b02-bf07-37632fc7bf9b/element/2/location 200 25 ms - 89 
[HTTP] --> POST /wd/hub/session/8b4b26ff-ffe6-4b02-bf07-37632fc7bf9b/element/2/clear {"id":"2"}
[HTTP] <-- POST /wd/hub/session/8b4b26ff-ffe6-4b02-bf07-37632fc7bf9b/element/2/clear 200 2021 ms - 76 
[HTTP] --> POST /wd/hub/session/8b4b26ff-ffe6-4b02-bf07-37632fc7bf9b/element/2/value {"id":"2","value":["0715645545"]}
[HTTP] <-- POST /wd/hub/session/8b4b26ff-ffe6-4b02-bf07-37632fc7bf9b/element/2/value 200 7703 ms - 76 
[HTTP] --> GET /wd/hub/session/8b4b26ff-ffe6-4b02-bf07-37632fc7bf9b/window/current/size {}
[HTTP] <-- GET /wd/hub/session/8b4b26ff-ffe6-4b02-bf07-37632fc7bf9b/window/current/size 200 5 ms - 99 
[HTTP] --> POST /wd/hub/session/8b4b26ff-ffe6-4b02-bf07-37632fc7bf9b/elements {"using":"-android uiautomator","value":"new UiSelector().className(\"android.widget.EditText\").instance(1)"}
[HTTP] <-- POST /wd/hub/session/8b4b26ff-ffe6-4b02-bf07-37632fc7bf9b/elements 200 1121 ms - 89 
[HTTP] --> GET /wd/hub/session/8b4b26ff-ffe6-4b02-bf07-37632fc7bf9b {}
[HTTP] <-- GET /wd/hub/session/8b4b26ff-ffe6-4b02-bf07-37632fc7bf9b 200 2 ms - 1190 
[HTTP] --> GET /wd/hub/session/8b4b26ff-ffe6-4b02-bf07-37632fc7bf9b {}
[HTTP] <-- GET /wd/hub/session/8b4b26ff-ffe6-4b02-bf07-37632fc7bf9b 200 3 ms - 1190 
[HTTP] --> GET /wd/hub/session/8b4b26ff-ffe6-4b02-bf07-37632fc7bf9b {}
[HTTP] <-- GET /wd/hub/session/8b4b26ff-ffe6-4b02-bf07-37632fc7bf9b 200 2 ms - 1190 
[HTTP] --> GET /wd/hub/session/8b4b26ff-ffe6-4b02-bf07-37632fc7bf9b {}
[HTTP] <-- GET /wd/hub/session/8b4b26ff-ffe6-4b02-bf07-37632fc7bf9b 200 2 ms - 1190 
[HTTP] --> GET /wd/hub/session/8b4b26ff-ffe6-4b02-bf07-37632fc7bf9b/element/3/location {}
[HTTP] <-- GET /wd/hub/session/8b4b26ff-ffe6-4b02-bf07-37632fc7bf9b/element/3/location 200 40 ms - 89 
[HTTP] --> POST /wd/hub/session/8b4b26ff-ffe6-4b02-bf07-37632fc7bf9b/element/3/clear {"id":"3"}
[HTTP] <-- POST /wd/hub/session/8b4b26ff-ffe6-4b02-bf07-37632fc7bf9b/element/3/clear 200 4617 ms - 76 
[HTTP] --> POST /wd/hub/session/8b4b26ff-ffe6-4b02-bf07-37632fc7bf9b/element/3/value {"id":"3","value":["password123"]}
[HTTP] <-- POST /wd/hub/session/8b4b26ff-ffe6-4b02-bf07-37632fc7bf9b/element/3/value 200 6592 ms - 76 
[HTTP] --> GET /wd/hub/session/8b4b26ff-ffe6-4b02-bf07-37632fc7bf9b/window/current/size {}
[HTTP] <-- GET /wd/hub/session/8b4b26ff-ffe6-4b02-bf07-37632fc7bf9b/window/current/size 200 5 ms - 99 
[HTTP] --> POST /wd/hub/session/8b4b26ff-ffe6-4b02-bf07-37632fc7bf9b/elements {"using":"-android uiautomator","value":"new UiSelector().className(\"android.view.ViewGroup\").instance(9)"}
[HTTP] <-- POST /wd/hub/session/8b4b26ff-ffe6-4b02-bf07-37632fc7bf9b/elements 200 911 ms - 89 
[HTTP] --> GET /wd/hub/session/8b4b26ff-ffe6-4b02-bf07-37632fc7bf9b {}
[HTTP] <-- GET /wd/hub/session/8b4b26ff-ffe6-4b02-bf07-37632fc7bf9b 200 2 ms - 1190 
[HTTP] --> GET /wd/hub/session/8b4b26ff-ffe6-4b02-bf07-37632fc7bf9b {}
[HTTP] <-- GET /wd/hub/session/8b4b26ff-ffe6-4b02-bf07-37632fc7bf9b 200 2 ms - 1190 
[HTTP] --> GET /wd/hub/session/8b4b26ff-ffe6-4b02-bf07-37632fc7bf9b {}
[HTTP] <-- GET /wd/hub/session/8b4b26ff-ffe6-4b02-bf07-37632fc7bf9b 200 2 ms - 1190 
[HTTP] --> GET /wd/hub/session/8b4b26ff-ffe6-4b02-bf07-37632fc7bf9b {}
[HTTP] <-- GET /wd/hub/session/8b4b26ff-ffe6-4b02-bf07-37632fc7bf9b 200 1 ms - 1190 
[HTTP] --> GET /wd/hub/session/8b4b26ff-ffe6-4b02-bf07-37632fc7bf9b/element/4/location {}
[HTTP] <-- GET /wd/hub/session/8b4b26ff-ffe6-4b02-bf07-37632fc7bf9b/element/4/location 200 28 ms - 89 
[HTTP] --> POST /wd/hub/session/8b4b26ff-ffe6-4b02-bf07-37632fc7bf9b/touch/perform {"actions":[{"action":"tap","options":{"element":"4","x":1,"y":1}}]}
[HTTP] <-- POST /wd/hub/session/8b4b26ff-ffe6-4b02-bf07-37632fc7bf9b/touch/perform 200 297 ms - 76 
[HTTP] --> GET /wd/hub/session/8b4b26ff-ffe6-4b02-bf07-37632fc7bf9b/window/current/size {}
[HTTP] <-- GET /wd/hub/session/8b4b26ff-ffe6-4b02-bf07-37632fc7bf9b/window/current/size 200 9 ms - 99 
[HTTP] --> POST /wd/hub/session/8b4b26ff-ffe6-4b02-bf07-37632fc7bf9b/elements {"using":"-android uiautomator","value":"new UiSelector().className(\"android.view.ViewGroup\").instance(9)"}
[HTTP] <-- POST /wd/hub/session/8b4b26ff-ffe6-4b02-bf07-37632fc7bf9b/elements 200 628 ms - 89 
[HTTP] --> GET /wd/hub/session/8b4b26ff-ffe6-4b02-bf07-37632fc7bf9b {}
[HTTP] <-- GET /wd/hub/session/8b4b26ff-ffe6-4b02-bf07-37632fc7bf9b 200 1 ms - 1190 
[HTTP] --> GET /wd/hub/session/8b4b26ff-ffe6-4b02-bf07-37632fc7bf9b {}
[HTTP] <-- GET /wd/hub/session/8b4b26ff-ffe6-4b02-bf07-37632fc7bf9b 200 2 ms - 1190 
[HTTP] --> GET /wd/hub/session/8b4b26ff-ffe6-4b02-bf07-37632fc7bf9b {}
[HTTP] <-- GET /wd/hub/session/8b4b26ff-ffe6-4b02-bf07-37632fc7bf9b 200 2 ms - 1190 
[HTTP] --> GET /wd/hub/session/8b4b26ff-ffe6-4b02-bf07-37632fc7bf9b {}
[HTTP] <-- GET /wd/hub/session/8b4b26ff-ffe6-4b02-bf07-37632fc7bf9b 200 2 ms - 1190 
[HTTP] --> GET /wd/hub/session/8b4b26ff-ffe6-4b02-bf07-37632fc7bf9b/element/5/location {}
[HTTP] <-- GET /wd/hub/session/8b4b26ff-ffe6-4b02-bf07-37632fc7bf9b/element/5/location 200 16 ms - 89 
[HTTP] --> POST /wd/hub/session/8b4b26ff-ffe6-4b02-bf07-37632fc7bf9b/touch/perform {"actions":[{"action":"tap","options":{"element":"5","x":1,"y":1}}]}
[HTTP] <-- POST /wd/hub/session/8b4b26ff-ffe6-4b02-bf07-37632fc7bf9b/touch/perform 200 324 ms - 76 
[HTTP] --> GET /wd/hub/session/8b4b26ff-ffe6-4b02-bf07-37632fc7bf9b/window/current/size {}
[HTTP] <-- GET /wd/hub/session/8b4b26ff-ffe6-4b02-bf07-37632fc7bf9b/window/current/size 200 6 ms - 99 
[HTTP] --> POST /wd/hub/session/8b4b26ff-ffe6-4b02-bf07-37632fc7bf9b/elements {"using":"-android uiautomator","value":"new UiSelector().className(\"android.view.ViewGroup\").instance(5)"}
[HTTP] <-- POST /wd/hub/session/8b4b26ff-ffe6-4b02-bf07-37632fc7bf9b/elements 200 30 ms - 89 
[HTTP] --> GET /wd/hub/session/8b4b26ff-ffe6-4b02-bf07-37632fc7bf9b {}
[HTTP] <-- GET /wd/hub/session/8b4b26ff-ffe6-4b02-bf07-37632fc7bf9b 200 2 ms - 1190 
[HTTP] --> GET /wd/hub/session/8b4b26ff-ffe6-4b02-bf07-37632fc7bf9b {}
[HTTP] <-- GET /wd/hub/session/8b4b26ff-ffe6-4b02-bf07-37632fc7bf9b 200 2 ms - 1190 
[HTTP] --> GET /wd/hub/session/8b4b26ff-ffe6-4b02-bf07-37632fc7bf9b {}
[HTTP] <-- GET /wd/hub/session/8b4b26ff-ffe6-4b02-bf07-37632fc7bf9b 200 2 ms - 1190 
[HTTP] --> GET /wd/hub/session/8b4b26ff-ffe6-4b02-bf07-37632fc7bf9b {}
[HTTP] <-- GET /wd/hub/session/8b4b26ff-ffe6-4b02-bf07-37632fc7bf9b 200 2 ms - 1190 
[HTTP] --> GET /wd/hub/session/8b4b26ff-ffe6-4b02-bf07-37632fc7bf9b/element/6/location {}
[HTTP] <-- GET /wd/hub/session/8b4b26ff-ffe6-4b02-bf07-37632fc7bf9b/element/6/location 200 10 ms - 86 
[HTTP] --> POST /wd/hub/session/8b4b26ff-ffe6-4b02-bf07-37632fc7bf9b/touch/perform {"actions":[{"action":"tap","options":{"element":"6","x":1,"y":1}}]}
[HTTP] <-- POST /wd/hub/session/8b4b26ff-ffe6-4b02-bf07-37632fc7bf9b/touch/perform 200 281 ms - 76 
[HTTP] --> GET /wd/hub/session/8b4b26ff-ffe6-4b02-bf07-37632fc7bf9b/window/current/size {}
[HTTP] <-- GET /wd/hub/session/8b4b26ff-ffe6-4b02-bf07-37632fc7bf9b/window/current/size 200 5 ms - 99 
[HTTP] --> POST /wd/hub/session/8b4b26ff-ffe6-4b02-bf07-37632fc7bf9b/elements {"using":"-android uiautomator","value":"new UiSelector().className(\"android.view.ViewGroup\").instance(16)"}
[HTTP] <-- POST /wd/hub/session/8b4b26ff-ffe6-4b02-bf07-37632fc7bf9b/elements 200 1448 ms - 89 
[HTTP] --> GET /wd/hub/session/8b4b26ff-ffe6-4b02-bf07-37632fc7bf9b {}
[HTTP] <-- GET /wd/hub/session/8b4b26ff-ffe6-4b02-bf07-37632fc7bf9b 200 1 ms - 1190 
[HTTP] --> GET /wd/hub/session/8b4b26ff-ffe6-4b02-bf07-37632fc7bf9b {}
[HTTP] <-- GET /wd/hub/session/8b4b26ff-ffe6-4b02-bf07-37632fc7bf9b 200 1 ms - 1190 
[HTTP] --> GET /wd/hub/session/8b4b26ff-ffe6-4b02-bf07-37632fc7bf9b {}
[HTTP] <-- GET /wd/hub/session/8b4b26ff-ffe6-4b02-bf07-37632fc7bf9b 200 1 ms - 1190 
[HTTP] --> GET /wd/hub/session/8b4b26ff-ffe6-4b02-bf07-37632fc7bf9b {}
[HTTP] <-- GET /wd/hub/session/8b4b26ff-ffe6-4b02-bf07-37632fc7bf9b 200 2 ms - 1190 
[HTTP] --> GET /wd/hub/session/8b4b26ff-ffe6-4b02-bf07-37632fc7bf9b/element/7/location {}
[HTTP] <-- GET /wd/hub/session/8b4b26ff-ffe6-4b02-bf07-37632fc7bf9b/element/7/location 200 35 ms - 87 
[HTTP] --> POST /wd/hub/session/8b4b26ff-ffe6-4b02-bf07-37632fc7bf9b/touch/perform {"actions":[{"action":"tap","options":{"element":"7","x":1,"y":1}}]}
[HTTP] <-- POST /wd/hub/session/8b4b26ff-ffe6-4b02-bf07-37632fc7bf9b/touch/perform 200 406 ms - 76 
[HTTP] --> GET /wd/hub/status {}
[HTTP] <-- GET /wd/hub/status 200 4 ms - 83 
[HTTP] --> POST /wd/hub/session {"desiredCapabilities":{"app":"C:\\Users\\Pasindu\\Desktop\\Avonet\\drive-download-20180104T074633Z-001\\app-passenger.apk","autoGrantPermissions":true,"deviceName":"samsung SM-G570F 6.0.1","fullReset":true,"newCommandTimeout":1800,"noReset":false,"platform":"ANDROID","platformName":"Android","udid":"421041ecd284741f"},"capabilities":{"desiredCapabilities":{"app":"C:\\Users\\Pasindu\\Desktop\\Avonet\\drive-download-20180104T074633Z-001\\app-passenger.apk","autoGrantPermissions":true,"deviceName":"samsung SM-G570F 6.0.1","fullReset":true,"newCommandTimeout":1800,"noReset":false,"platform":"ANDROID","platformName":"Android","udid":"421041ecd284741f"},"firstMatch":[{"platformName":"android"}]}}
[Appium] Merged W3C capabilities {"desiredCapabilities":{"app":"C:\\Users\\Pasin... into desiredCapabilities object {"app":"C:\\Users\\Pasindu\\Desktop\\Avonet\\dr...
[Appium] Creating new AndroidDriver (v1.37.0) session
[Appium] Capabilities:
[Appium]   app: C:\Users\Pasindu\Desktop\Avonet\drive-download-20180104T074633Z-001\app-passenger.apk
[Appium]   autoGrantPermissions: true
[Appium]   deviceName: samsung SM-G570F 6.0.1
[Appium]   fullReset: true
[Appium]   newCommandTimeout: 1800
[Appium]   noReset: false
[Appium]   platform: ANDROID
[Appium]   platformName: android
[Appium]   udid: 421041ecd284741f
[BaseDriver] The following capabilities were provided, but are not recognized by appium: platform.
[BaseDriver] Session created with session id: ebc25ded-c6f2-4514-8eb8-a71be354da74
[AndroidDriver] Java version is: 1.8.0_102
[ADB] Checking whether adb is present
[AndroidDriver] Retrieving device list
[AndroidDriver] Using device: 421041ecd284741f
[ADB] Checking whether adb is present
[BaseDriver] Using local app 'C:\Users\Pasindu\Desktop\Avonet\drive-download-20180104T074633Z-001\app-passenger.apk'
[AndroidDriver] Starting Android session
[AndroidDriver] setDeviceLanguageCountry requires language or country.
[AndroidDriver] Got language: 'null' and country: 'null'
[ADB] Checking whether aapt is present
[ADB] Checking whether aapt is present
[ADB] Getting device platform version
[ADB] Checking whether aapt is present
[ADB] Extracting package and launch activity from manifest
[ADB] net.theavo.bcon.passenger was successfully uninstalled
[AndroidDriver] Remote apk path is /data/local/tmp/872f6dd04647cb9003991e6ecf0c62d8.apk
[AndroidDriver] Apk is not yet installed
[AndroidDriver] installing apk from remote
[AndroidDriver] Clearing out any existing remote apks with the same hash
[ADB] net.theavo.bcon.passenger was not uninstalled, because it was not present on the device
[ADB] Checking whether aapt is present
[ADB] Extracting package and launch activity from manifest
[Appium] Closing session, cause was 'UiAUtomator shut down unexpectedly'
[Appium] Removing session 8b4b26ff-ffe6-4b02-bf07-37632fc7bf9b from our master session list
[ADB] Cannot kill process 1172 in 1000 ms. Trying to force kill...
[AndroidBootstrap] Android bootstrap socket is now connected
[AndroidDriver] Screen already unlocked, doing nothing
[Appium] New AndroidDriver session created successfully, session ebc25ded-c6f2-4514-8eb8-a71be354da74 added to master session list
[HTTP] <-- POST /wd/hub/session 200 87023 ms - 1190 
[HTTP] --> GET /wd/hub/status {}
[HTTP] <-- GET /wd/hub/status 200 6 ms - 83 
[HTTP] --> POST /wd/hub/session/ebc25ded-c6f2-4514-8eb8-a71be354da74/timeouts {"type":"implicit","ms":30000}
[HTTP] <-- POST /wd/hub/session/ebc25ded-c6f2-4514-8eb8-a71be354da74/timeouts 200 4 ms - 76 
[HTTP] --> GET /wd/hub/session/ebc25ded-c6f2-4514-8eb8-a71be354da74/window/current/size {}
[HTTP] <-- GET /wd/hub/session/ebc25ded-c6f2-4514-8eb8-a71be354da74/window/current/size 200 23 ms - 99 
[HTTP] --> POST /wd/hub/session/ebc25ded-c6f2-4514-8eb8-a71be354da74/elements {"using":"-android uiautomator","value":"new UiSelector().className(\"android.view.ViewGroup\").instance(7)"}
[ADB] net.theavo.bcon.passenger was successfully uninstalled
[AndroidBootstrap] Cannot shut down Android bootstrap; it has already shut down
[HTTP] <-- POST /wd/hub/session/ebc25ded-c6f2-4514-8eb8-a71be354da74/elements 200 30510 ms - 74 
[HTTP] --> GET /wd/hub/status {}
[HTTP] <-- GET /wd/hub/status 200 5 ms - 83 
[HTTP] --> POST /wd/hub/session {"desiredCapabilities":{"app":"C:\\Users\\Pasindu\\Desktop\\Avonet\\drive-download-20180104T074633Z-001\\app-passenger.apk","autoGrantPermissions":true,"deviceName":"samsung SM-G570F 6.0.1","fullReset":true,"newCommandTimeout":1800,"noReset":false,"platform":"ANDROID","platformName":"Android","udid":"421041ecd284741f"},"capabilities":{"desiredCapabilities":{"app":"C:\\Users\\Pasindu\\Desktop\\Avonet\\drive-download-20180104T074633Z-001\\app-passenger.apk","autoGrantPermissions":true,"deviceName":"samsung SM-G570F 6.0.1","fullReset":true,"newCommandTimeout":1800,"noReset":false,"platform":"ANDROID","platformName":"Android","udid":"421041ecd284741f"},"firstMatch":[{"platformName":"android"}]}}
[Appium] Merged W3C capabilities {"desiredCapabilities":{"app":"C:\\Users\\Pasin... into desiredCapabilities object {"app":"C:\\Users\\Pasindu\\Desktop\\Avonet\\dr...
[Appium] Creating new AndroidDriver (v1.37.0) session
[Appium] Capabilities:
[Appium]   app: C:\Users\Pasindu\Desktop\Avonet\drive-download-20180104T074633Z-001\app-passenger.apk
[Appium]   autoGrantPermissions: true
[Appium]   deviceName: samsung SM-G570F 6.0.1
[Appium]   fullReset: true
[Appium]   newCommandTimeout: 1800
[Appium]   noReset: false
[Appium]   platform: ANDROID
[Appium]   platformName: android
[Appium]   udid: 421041ecd284741f
[BaseDriver] The following capabilities were provided, but are not recognized by appium: platform.
[BaseDriver] Session created with session id: 1042420a-5c58-4879-be67-540c35e8e358
[AndroidDriver] Java version is: 1.8.0_102
[ADB] Checking whether adb is present
[AndroidDriver] Retrieving device list
[AndroidDriver] Using device: 421041ecd284741f
[ADB] Checking whether adb is present
[BaseDriver] Using local app 'C:\Users\Pasindu\Desktop\Avonet\drive-download-20180104T074633Z-001\app-passenger.apk'
[AndroidDriver] Starting Android session
[AndroidDriver] setDeviceLanguageCountry requires language or country.
[AndroidDriver] Got language: 'null' and country: 'null'
[ADB] Checking whether aapt is present
[ADB] Checking whether aapt is present
[ADB] Getting device platform version
[ADB] Checking whether aapt is present
[ADB] Extracting package and launch activity from manifest
[ADB] net.theavo.bcon.passenger was not uninstalled, because it was not present on the device
[AndroidDriver] Remote apk path is /data/local/tmp/872f6dd04647cb9003991e6ecf0c62d8.apk
[AndroidDriver] Apk is not yet installed
[AndroidDriver] installing apk from remote
[AndroidDriver] Clearing out any existing remote apks with the same hash
[ADB] net.theavo.bcon.passenger was not uninstalled, because it was not present on the device
[ADB] Checking whether aapt is present
[ADB] Extracting package and launch activity from manifest
[Appium] Closing session, cause was 'UiAUtomator shut down unexpectedly'
[Appium] Removing session ebc25ded-c6f2-4514-8eb8-a71be354da74 from our master session list
[ADB] Cannot kill process 4686 in 1000 ms. Trying to force kill...
[AndroidBootstrap] Android bootstrap socket is now connected
[AndroidDriver] Screen already unlocked, doing nothing
[Appium] New AndroidDriver session created successfully, session 1042420a-5c58-4879-be67-540c35e8e358 added to master session list
[HTTP] <-- POST /wd/hub/session 200 83727 ms - 1190 
[HTTP] --> GET /wd/hub/status {}
[HTTP] <-- GET /wd/hub/status 200 3 ms - 83 
[HTTP] --> POST /wd/hub/session/1042420a-5c58-4879-be67-540c35e8e358/timeouts {"type":"implicit","ms":30000}
[HTTP] <-- POST /wd/hub/session/1042420a-5c58-4879-be67-540c35e8e358/timeouts 200 2 ms - 76 
[HTTP] --> GET /wd/hub/session/1042420a-5c58-4879-be67-540c35e8e358/window/current/size {}
[HTTP] <-- GET /wd/hub/session/1042420a-5c58-4879-be67-540c35e8e358/window/current/size 200 56 ms - 99 
[HTTP] --> POST /wd/hub/session/1042420a-5c58-4879-be67-540c35e8e358/elements {"using":"-android uiautomator","value":"new UiSelector().className(\"android.view.ViewGroup\").instance(6)"}
[ADB] net.theavo.bcon.passenger was successfully uninstalled
[AndroidBootstrap] Cannot shut down Android bootstrap; it has already shut down
[HTTP] <-- POST /wd/hub/session/1042420a-5c58-4879-be67-540c35e8e358/elements 200 30402 ms - 74 
[HTTP] --> GET /wd/hub/status {}
[HTTP] <-- GET /wd/hub/status 200 4 ms - 83 
[HTTP] --> POST /wd/hub/session {"desiredCapabilities":{"app":"C:\\Users\\Pasindu\\Desktop\\Avonet\\drive-download-20180104T074633Z-001\\app-passenger.apk","autoGrantPermissions":true,"deviceName":"samsung SM-G570F 6.0.1","fullReset":true,"newCommandTimeout":1800,"noReset":false,"platform":"ANDROID","platformName":"Android","udid":"421041ecd284741f"},"capabilities":{"desiredCapabilities":{"app":"C:\\Users\\Pasindu\\Desktop\\Avonet\\drive-download-20180104T074633Z-001\\app-passenger.apk","autoGrantPermissions":true,"deviceName":"samsung SM-G570F 6.0.1","fullReset":true,"newCommandTimeout":1800,"noReset":false,"platform":"ANDROID","platformName":"Android","udid":"421041ecd284741f"},"firstMatch":[{"platformName":"android"}]}}
[Appium] Merged W3C capabilities {"desiredCapabilities":{"app":"C:\\Users\\Pasin... into desiredCapabilities object {"app":"C:\\Users\\Pasindu\\Desktop\\Avonet\\dr...
[Appium] Creating new AndroidDriver (v1.37.0) session
[Appium] Capabilities:
[Appium]   app: C:\Users\Pasindu\Desktop\Avonet\drive-download-20180104T074633Z-001\app-passenger.apk
[Appium]   autoGrantPermissions: true
[Appium]   deviceName: samsung SM-G570F 6.0.1
[Appium]   fullReset: true
[Appium]   newCommandTimeout: 1800
[Appium]   noReset: false
[Appium]   platform: ANDROID
[Appium]   platformName: android
[Appium]   udid: 421041ecd284741f
[BaseDriver] The following capabilities were provided, but are not recognized by appium: platform.
[BaseDriver] Session created with session id: e9a9ed10-8e7f-4826-956b-78f334441953
[AndroidDriver] Java version is: 1.8.0_102
[ADB] Checking whether adb is present
[AndroidDriver] Retrieving device list
[AndroidDriver] Using device: 421041ecd284741f
[ADB] Checking whether adb is present
[BaseDriver] Using local app 'C:\Users\Pasindu\Desktop\Avonet\drive-download-20180104T074633Z-001\app-passenger.apk'
[AndroidDriver] Starting Android session
[AndroidDriver] setDeviceLanguageCountry requires language or country.
[AndroidDriver] Got language: 'null' and country: 'null'
[ADB] Checking whether aapt is present
[ADB] Checking whether aapt is present
[ADB] Getting device platform version
[ADB] Checking whether aapt is present
[ADB] Extracting package and launch activity from manifest
[ADB] net.theavo.bcon.passenger was not uninstalled, because it was not present on the device
[AndroidDriver] Remote apk path is /data/local/tmp/872f6dd04647cb9003991e6ecf0c62d8.apk
[AndroidDriver] Apk is not yet installed
[AndroidDriver] installing apk from remote
[AndroidDriver] Clearing out any existing remote apks with the same hash
[ADB] net.theavo.bcon.passenger was not uninstalled, because it was not present on the device
[ADB] Checking whether aapt is present
[ADB] Extracting package and launch activity from manifest
[Appium] Closing session, cause was 'UiAUtomator shut down unexpectedly'
[Appium] Removing session 1042420a-5c58-4879-be67-540c35e8e358 from our master session list
[ADB] Cannot kill process 7374 in 1000 ms. Trying to force kill...
[AndroidBootstrap] Android bootstrap socket is now connected
[AndroidDriver] Screen already unlocked, doing nothing
[Appium] New AndroidDriver session created successfully, session e9a9ed10-8e7f-4826-956b-78f334441953 added to master session list
[HTTP] <-- POST /wd/hub/session 200 85177 ms - 1190 
[HTTP] --> GET /wd/hub/status {}
[HTTP] <-- GET /wd/hub/status 200 3 ms - 83 
[HTTP] --> POST /wd/hub/session/e9a9ed10-8e7f-4826-956b-78f334441953/timeouts {"type":"implicit","ms":30000}
[HTTP] <-- POST /wd/hub/session/e9a9ed10-8e7f-4826-956b-78f334441953/timeouts 200 3 ms - 76 
[HTTP] --> GET /wd/hub/session/e9a9ed10-8e7f-4826-956b-78f334441953/window/current/size {}
[HTTP] <-- GET /wd/hub/session/e9a9ed10-8e7f-4826-956b-78f334441953/window/current/size 200 23 ms - 99 
[HTTP] --> POST /wd/hub/session/e9a9ed10-8e7f-4826-956b-78f334441953/elements {"using":"-android uiautomator","value":"new UiSelector().className(\"android.view.ViewGroup\").instance(7)"}
[ADB] net.theavo.bcon.passenger was successfully uninstalled
[AndroidBootstrap] Cannot shut down Android bootstrap; it has already shut down
[HTTP] <-- POST /wd/hub/session/e9a9ed10-8e7f-4826-956b-78f334441953/elements 200 32915 ms - 74 
[HTTP] --> GET /wd/hub/status {}
[HTTP] <-- GET /wd/hub/status 200 3 ms - 83 
[HTTP] --> POST /wd/hub/session {"desiredCapabilities":{"app":"C:\\Users\\Pasindu\\Desktop\\Avonet\\drive-download-20180104T074633Z-001\\app-passenger.apk","autoGrantPermissions":true,"deviceName":"samsung SM-G570F 6.0.1","fullReset":true,"newCommandTimeout":1800,"noReset":false,"platform":"ANDROID","platformName":"Android","udid":"421041ecd284741f"},"capabilities":{"desiredCapabilities":{"app":"C:\\Users\\Pasindu\\Desktop\\Avonet\\drive-download-20180104T074633Z-001\\app-passenger.apk","autoGrantPermissions":true,"deviceName":"samsung SM-G570F 6.0.1","fullReset":true,"newCommandTimeout":1800,"noReset":false,"platform":"ANDROID","platformName":"Android","udid":"421041ecd284741f"},"firstMatch":[{"platformName":"android"}]}}
[Appium] Merged W3C capabilities {"desiredCapabilities":{"app":"C:\\Users\\Pasin... into desiredCapabilities object {"app":"C:\\Users\\Pasindu\\Desktop\\Avonet\\dr...
[Appium] Creating new AndroidDriver (v1.37.0) session
[Appium] Capabilities:
[Appium]   app: C:\Users\Pasindu\Desktop\Avonet\drive-download-20180104T074633Z-001\app-passenger.apk
[Appium]   autoGrantPermissions: true
[Appium]   deviceName: samsung SM-G570F 6.0.1
[Appium]   fullReset: true
[Appium]   newCommandTimeout: 1800
[Appium]   noReset: false
[Appium]   platform: ANDROID
[Appium]   platformName: android
[Appium]   udid: 421041ecd284741f
[BaseDriver] The following capabilities were provided, but are not recognized by appium: platform.
[BaseDriver] Session created with session id: db101277-1d70-42b1-b3ee-e6c2ee5f1558
[AndroidDriver] Java version is: 1.8.0_102
[ADB] Checking whether adb is present
[AndroidDriver] Retrieving device list
[AndroidDriver] Using device: 421041ecd284741f
[ADB] Checking whether adb is present
[BaseDriver] Using local app 'C:\Users\Pasindu\Desktop\Avonet\drive-download-20180104T074633Z-001\app-passenger.apk'
[AndroidDriver] Starting Android session
[AndroidDriver] setDeviceLanguageCountry requires language or country.
[AndroidDriver] Got language: 'null' and country: 'null'
[ADB] Checking whether aapt is present
[ADB] Checking whether aapt is present
[ADB] Getting device platform version
[ADB] Checking whether aapt is present
[ADB] Extracting package and launch activity from manifest
[ADB] net.theavo.bcon.passenger was not uninstalled, because it was not present on the device
[AndroidDriver] Remote apk path is /data/local/tmp/872f6dd04647cb9003991e6ecf0c62d8.apk
[AndroidDriver] Apk is not yet installed
[AndroidDriver] installing apk from remote
[AndroidDriver] Clearing out any existing remote apks with the same hash
[ADB] net.theavo.bcon.passenger was not uninstalled, because it was not present on the device
[ADB] Checking whether aapt is present
[ADB] Extracting package and launch activity from manifest
[HTTP] <-- POST /wd/hub/session - - ms - - 
